{"numTotalTestSuites":8,"numPassedTestSuites":4,"numFailedTestSuites":4,"numPendingTestSuites":0,"numTotalTests":44,"numPassedTests":35,"numFailedTests":9,"numPendingTests":0,"numTodoTests":0,"snapshot":{"added":0,"failure":false,"filesAdded":0,"filesRemoved":0,"filesRemovedList":[],"filesUnmatched":0,"filesUpdated":0,"matched":0,"total":0,"unchecked":0,"uncheckedKeysByFile":[],"unmatched":0,"updated":0,"didUpdate":false},"startTime":1777139400002,"success":false,"testResults":[{"assertionResults":[{"ancestorTitles":["FileUpload Component"],"fullName":"FileUpload Component renders with the upload label including the slot index","status":"passed","title":"renders with the upload label including the slot index","duration":103.84900000000016,"failureMessages":[],"meta":{},"tags":[]},{"ancestorTitles":["FileUpload Component"],"fullName":"FileUpload Component renders with different index numbers correctly","status":"passed","title":"renders with different index numbers correctly","duration":13.024400000000242,"failureMessages":[],"meta":{},"tags":[]},{"ancestorTitles":["FileUpload Component"],"fullName":"FileUpload Component renders a hidden file input","status":"passed","title":"renders a hidden file input","duration":14.893000000000029,"failureMessages":[],"meta":{},"tags":[]},{"ancestorTitles":["FileUpload Component"],"fullName":"FileUpload Component file input only accepts image files (accept=\"image/*\")","status":"passed","title":"file input only accepts image files (accept=\"image/*\")","duration":7.473200000000361,"failureMessages":[],"meta":{},"tags":[]},{"ancestorTitles":["FileUpload Component"],"fullName":"FileUpload Component displays the file name after a file is selected","status":"failed","title":"displays the file name after a file is selected","duration":293.53099999999995,"failureMessages":["TestingLibraryElementError: Unable to find an element with the text: mi-perro.jpg. This could be because the text is broken up by multiple elements. In this case, you can provide a function for your text matcher to make your matcher more flexible.\n\nIgnored nodes: comments, script, style\n\u001b[36m<body>\u001b[39m\n  \u001b[36m<div>\u001b[39m\n    \u001b[36m<div>\u001b[39m\n      \u001b[36m<label\u001b[39m\n        \u001b[33mclass\u001b[39m=\u001b[32m\"relative w-full h-12 border rounded-lg bg-white flex items-center justify-center text-gray-700 text-sm font-medium transition-all cursor-pointer active:scale-[0.98] overflow-hidden px-4 border-gray-400\"\u001b[39m\n      \u001b[36m>\u001b[39m\n        \u001b[36m<input\u001b[39m\n          \u001b[33maccept\u001b[39m=\u001b[32m\"image/*\"\u001b[39m\n          \u001b[33mclass\u001b[39m=\u001b[32m\"hidden\"\u001b[39m\n          \u001b[33mtype\u001b[39m=\u001b[32m\"file\"\u001b[39m\n        \u001b[36m/>\u001b[39m\n        \u001b[36m<span\u001b[39m\n          \u001b[33mclass\u001b[39m=\u001b[32m\"truncate max-w-[70%]\"\u001b[39m\n        \u001b[36m>\u001b[39m\n          \u001b[0mSubir foto 1\u001b[0m\n        \u001b[36m</span>\u001b[39m\n        \u001b[36m<svg\u001b[39m\n          \u001b[33mclass\u001b[39m=\u001b[32m\"flex-shrink-0 text-gray-500 absolute right-4\"\u001b[39m\n          \u001b[33mfill\u001b[39m=\u001b[32m\"none\"\u001b[39m\n          \u001b[33mheight\u001b[39m=\u001b[32m\"20\"\u001b[39m\n          \u001b[33mstroke\u001b[39m=\u001b[32m\"currentColor\"\u001b[39m\n          \u001b[33mstroke-linecap\u001b[39m=\u001b[32m\"round\"\u001b[39m\n          \u001b[33mstroke-linejoin\u001b[39m=\u001b[32m\"round\"\u001b[39m\n          \u001b[33mstroke-width\u001b[39m=\u001b[32m\"1.5\"\u001b[39m\n          \u001b[33mviewBox\u001b[39m=\u001b[32m\"0 0 24 24\"\u001b[39m\n          \u001b[33mwidth\u001b[39m=\u001b[32m\"20\"\u001b[39m\n        \u001b[36m>\u001b[39m\n          \u001b[36m<path\u001b[39m\n            \u001b[33md\u001b[39m=\u001b[32m\"M21 15v4a2 2 0 0 1-2 2H5a2 2 0 0 1-2-2v-4\"\u001b[39m\n          \u001b[36m/>\u001b[39m\n          \u001b[36m<polyline\u001b[39m\n            \u001b[33mpoints\u001b[39m=\u001b[32m\"17 8 12 3 7 8\"\u001b[39m\n          \u001b[36m/>\u001b[39m\n          \u001b[36m<line\u001b[39m\n            \u001b[33mx1\u001b[39m=\u001b[32m\"12\"\u001b[39m\n            \u001b[33mx2\u001b[39m=\u001b[32m\"12\"\u001b[39m\n            \u001b[33my1\u001b[39m=\u001b[32m\"3\"\u001b[39m\n            \u001b[33my2\u001b[39m=\u001b[32m\"15\"\u001b[39m\n          \u001b[36m/>\u001b[39m\n        \u001b[36m</svg>\u001b[39m\n      \u001b[36m</label>\u001b[39m\n    \u001b[36m</div>\u001b[39m\n  \u001b[36m</div>\u001b[39m\n\u001b[36m</body>\u001b[39m\n    at Object.getElementError (C:\\Tec de Monterrey\\6to Semestre\\SOS-FullStack\\frontend\\node_modules\\@testing-library\\dom\\dist\\config.js:37:19)\n    at C:\\Tec de Monterrey\\6to Semestre\\SOS-FullStack\\frontend\\node_modules\\@testing-library\\dom\\dist\\query-helpers.js:76:38\n    at C:\\Tec de Monterrey\\6to Semestre\\SOS-FullStack\\frontend\\node_modules\\@testing-library\\dom\\dist\\query-helpers.js:52:17\n    at C:\\Tec de Monterrey\\6to Semestre\\SOS-FullStack\\frontend\\node_modules\\@testing-library\\dom\\dist\\query-helpers.js:95:19\n    at C:/Tec de Monterrey/6to Semestre/SOS-FullStack/frontend/src/test/clients/FileUpdate.test.tsx:45:19\n    at file:///C:/Tec%20de%20Monterrey/6to%20Semestre/SOS-FullStack/frontend/node_modules/@vitest/runner/dist/chunk-artifact.js:1903:20"],"meta":{},"tags":[]},{"ancestorTitles":["FileUpload Component"],"fullName":"FileUpload Component calls onChange with the selected File object","status":"passed","title":"calls onChange with the selected File object","duration":88.10140000000047,"failureMessages":[],"meta":{},"tags":[]},{"ancestorTitles":["FileUpload Component"],"fullName":"FileUpload Component calls onChange with null when no file is selected (empty change event)","status":"passed","title":"calls onChange with null when no file is selected (empty change event)","duration":9.701100000000224,"failureMessages":[],"meta":{},"tags":[]},{"ancestorTitles":["FileUpload Component"],"fullName":"FileUpload Component does not throw when onChange prop is not provided","status":"passed","title":"does not throw when onChange prop is not provided","duration":64.44660000000022,"failureMessages":[],"meta":{},"tags":[]},{"ancestorTitles":["FileUpload Component"],"fullName":"FileUpload Component displays the new file name when a second file is uploaded","status":"failed","title":"displays the new file name when a second file is uploaded","duration":49.6906999999992,"failureMessages":["TestingLibraryElementError: Unable to find an element with the text: primero.jpg. This could be because the text is broken up by multiple elements. In this case, you can provide a function for your text matcher to make your matcher more flexible.\n\nIgnored nodes: comments, script, style\n\u001b[36m<body>\u001b[39m\n  \u001b[36m<div>\u001b[39m\n    \u001b[36m<div>\u001b[39m\n      \u001b[36m<label\u001b[39m\n        \u001b[33mclass\u001b[39m=\u001b[32m\"relative w-full h-12 border rounded-lg bg-white flex items-center justify-center text-gray-700 text-sm font-medium transition-all cursor-pointer active:scale-[0.98] overflow-hidden px-4 border-gray-400\"\u001b[39m\n      \u001b[36m>\u001b[39m\n        \u001b[36m<input\u001b[39m\n          \u001b[33maccept\u001b[39m=\u001b[32m\"image/*\"\u001b[39m\n          \u001b[33mclass\u001b[39m=\u001b[32m\"hidden\"\u001b[39m\n          \u001b[33mtype\u001b[39m=\u001b[32m\"file\"\u001b[39m\n        \u001b[36m/>\u001b[39m\n        \u001b[36m<span\u001b[39m\n          \u001b[33mclass\u001b[39m=\u001b[32m\"truncate max-w-[70%]\"\u001b[39m\n        \u001b[36m>\u001b[39m\n          \u001b[0mSubir foto 1\u001b[0m\n        \u001b[36m</span>\u001b[39m\n        \u001b[36m<svg\u001b[39m\n          \u001b[33mclass\u001b[39m=\u001b[32m\"flex-shrink-0 text-gray-500 absolute right-4\"\u001b[39m\n          \u001b[33mfill\u001b[39m=\u001b[32m\"none\"\u001b[39m\n          \u001b[33mheight\u001b[39m=\u001b[32m\"20\"\u001b[39m\n          \u001b[33mstroke\u001b[39m=\u001b[32m\"currentColor\"\u001b[39m\n          \u001b[33mstroke-linecap\u001b[39m=\u001b[32m\"round\"\u001b[39m\n          \u001b[33mstroke-linejoin\u001b[39m=\u001b[32m\"round\"\u001b[39m\n          \u001b[33mstroke-width\u001b[39m=\u001b[32m\"1.5\"\u001b[39m\n          \u001b[33mviewBox\u001b[39m=\u001b[32m\"0 0 24 24\"\u001b[39m\n          \u001b[33mwidth\u001b[39m=\u001b[32m\"20\"\u001b[39m\n        \u001b[36m>\u001b[39m\n          \u001b[36m<path\u001b[39m\n            \u001b[33md\u001b[39m=\u001b[32m\"M21 15v4a2 2 0 0 1-2 2H5a2 2 0 0 1-2-2v-4\"\u001b[39m\n          \u001b[36m/>\u001b[39m\n          \u001b[36m<polyline\u001b[39m\n            \u001b[33mpoints\u001b[39m=\u001b[32m\"17 8 12 3 7 8\"\u001b[39m\n          \u001b[36m/>\u001b[39m\n          \u001b[36m<line\u001b[39m\n            \u001b[33mx1\u001b[39m=\u001b[32m\"12\"\u001b[39m\n            \u001b[33mx2\u001b[39m=\u001b[32m\"12\"\u001b[39m\n            \u001b[33my1\u001b[39m=\u001b[32m\"3\"\u001b[39m\n            \u001b[33my2\u001b[39m=\u001b[32m\"15\"\u001b[39m\n          \u001b[36m/>\u001b[39m\n        \u001b[36m</svg>\u001b[39m\n      \u001b[36m</label>\u001b[39m\n    \u001b[36m</div>\u001b[39m\n  \u001b[36m</div>\u001b[39m\n\u001b[36m</body>\u001b[39m\n    at Object.getElementError (C:\\Tec de Monterrey\\6to Semestre\\SOS-FullStack\\frontend\\node_modules\\@testing-library\\dom\\dist\\config.js:37:19)\n    at C:\\Tec de Monterrey\\6to Semestre\\SOS-FullStack\\frontend\\node_modules\\@testing-library\\dom\\dist\\query-helpers.js:76:38\n    at C:\\Tec de Monterrey\\6to Semestre\\SOS-FullStack\\frontend\\node_modules\\@testing-library\\dom\\dist\\query-helpers.js:52:17\n    at C:\\Tec de Monterrey\\6to Semestre\\SOS-FullStack\\frontend\\node_modules\\@testing-library\\dom\\dist\\query-helpers.js:95:19\n    at C:/Tec de Monterrey/6to Semestre/SOS-FullStack/frontend/src/test/clients/FileUpdate.test.tsx:106:19\n    at file:///C:/Tec%20de%20Monterrey/6to%20Semestre/SOS-FullStack/frontend/node_modules/@vitest/runner/dist/chunk-artifact.js:1903:20"],"meta":{},"tags":[]},{"ancestorTitles":["FileUpload Component"],"fullName":"FileUpload Component calls onChange on every file selection","status":"passed","title":"calls onChange on every file selection","duration":85.86959999999999,"failureMessages":[],"meta":{},"tags":[]},{"ancestorTitles":["FileUpload Component"],"fullName":"FileUpload Component the file input is wrapped in a label (clickable area)","status":"passed","title":"the file input is wrapped in a label (clickable area)","duration":4.153900000000249,"failureMessages":[],"meta":{},"tags":[]}],"startTime":1777139404270,"endTime":1777139405005.1538,"status":"failed","message":"","name":"C:/Tec de Monterrey/6to Semestre/SOS-FullStack/frontend/src/test/clients/FileUpdate.test.tsx"},{"assertionResults":[{"ancestorTitles":["PetReportForm Component"],"fullName":"PetReportForm Component renders all form sections correctly","status":"passed","title":"renders all form sections correctly","duration":522.2974000000004,"failureMessages":[],"meta":{},"tags":[]},{"ancestorTitles":["PetReportForm Component"],"fullName":"PetReportForm Component renders correctly with pre-filled initialData","status":"passed","title":"renders correctly with pre-filled initialData","duration":241.70250000000033,"failureMessages":[],"meta":{},"tags":[]},{"ancestorTitles":["PetReportForm Component"],"fullName":"PetReportForm Component shows validation errors for name, species and email when form is empty","status":"failed","title":"shows validation errors for name, species and email when form is empty","duration":607.4753000000001,"failureMessages":["TestingLibraryElementError: Unable to find an element with the text: ¡Nos falta el nombre de tu mascota!. This could be because the text is broken up by multiple elements. In this case, you can provide a function for your text matcher to make your matcher more flexible.\n\nIgnored nodes: comments, script, style\n\u001b[36m<body>\u001b[39m\n  \u001b[36m<div>\u001b[39m\n    \u001b[36m<div\u001b[39m\n      \u001b[33mclass\u001b[39m=\u001b[32m\"min-h-screen pt-8 bg-white\"\u001b[39m\n      \u001b[33mid\u001b[39m=\u001b[32m\"report-section\"\u001b[39m\n    \u001b[36m>\u001b[39m\n      \u001b[36m<div\u001b[39m\n        \u001b[33mclass\u001b[39m=\u001b[32m\"w-full max-w-lg mx-auto flex flex-col gap-8\"\u001b[39m\n      \u001b[36m>\u001b[39m\n        \u001b[36m<div\u001b[39m\n          \u001b[33mid\u001b[39m=\u001b[32m\"user-info-section\"\u001b[39m\n        \u001b[36m>\u001b[39m\n          \u001b[36m<h2\u001b[39m\n            \u001b[33mclass\u001b[39m=\u001b[32m\"text-xl lg:text-2xl leading-snug font-medium text-gray-900 text-center mb-6 mt-2\"\u001b[39m\n          \u001b[36m>\u001b[39m\n            \u001b[0mInformación de la mascota\u001b[0m\n          \u001b[36m</h2>\u001b[39m\n          \u001b[36m<section\u001b[39m\n            \u001b[33mclass\u001b[39m=\u001b[32m\"w-5/6 md:w-4/5 lg:w-full lg:max-w-4xl xl:max-w-5xl mx-auto flex flex-col gap-5 py-4\"\u001b[39m\n          \u001b[36m>\u001b[39m\n            \u001b[36m<div\u001b[39m\n              \u001b[33mclass\u001b[39m=\u001b[32m\"flex flex-col w-full\"\u001b[39m\n            \u001b[36m>\u001b[39m\n              \u001b[36m<div\u001b[39m\n                \u001b[33mclass\u001b[39m=\u001b[32m\"relative border rounded-lg px-2 py-1 bg-white focus-within:ring-1 group border-red-500 focus-within:border-red-500 focus-within:ring-red-500\"\u001b[39m\n              \u001b[36m>\u001b[39m\n                \u001b[36m<label\u001b[39m\n                  \u001b[33mclass\u001b[39m=\u001b[32m\"block text-xs text-gray-400 group-focus-within:text-red-500\"\u001b[39m\n                  \u001b[33mfor\u001b[39m=\u001b[32m\"petName\"\u001b[39m\n                \u001b[36m>\u001b[39m\n                  \u001b[0mNombre de la mascota\u001b[0m\n                  \u001b[0m \u001b[0m\n                \u001b[36m</label>\u001b[39m\n                \u001b[36m<input\u001b[39m\n                  \u001b[33mclass\u001b[39m=\u001b[32m\"w-full text-sm text-gray-700 bg-transparent outline-none\"\u001b[39m\n                  \u001b[33mid\u001b[39m=\u001b[32m\"petName\"\u001b[39m\n                  \u001b[33mmaxlength\u001b[39m=\u001b[32m\"50\"\u001b[39m\n                  \u001b[33mvalue\u001b[39m=\u001b[32m\"\"\u001b[39m\n                \u001b[36m/>\u001b[39m\n              \u001b[36m</div>\u001b[39m\n              \u001b[36m<div\u001b[39m\n                \u001b[33mclass\u001b[39m=\u001b[32m\"flex justify-between\"\u001b[39m\n              \u001b[36m>\u001b[39m\n                \u001b[36m<small\u001b[39m\n                  \u001b[33mclass\u001b[39m=\u001b[32m\"text-xs leading-normal font-normal text-gray-900 color-danger ml-1 italic mt-1\"\u001b[39m\n                \u001b[36m>\u001b[39m\n                  \u001b[0mIngresa el nombre de tu mascota\u001b[0m\n                \u001b[36m</small>\u001b[39m\n              \u001b[36m</div>\u001b[39m\n            \u001b[36m</div>\u001b[39m\n            \u001b[36m<div\u001b[39m\n              \u001b[33mclass\u001b[39m=\u001b[32m\"flex flex-col w-full\"\u001b[39m\n            \u001b[36m>\u001b[39m\n              \u001b[36m<div\u001b[39m\n                \u001b[33mclass\u001b[39m=\u001b[32m\"group relative border border-gray-400 rounded-lg px-2 py-1 bg-white focus-within:ring-1 group border-red-500 focus-within:border-red-500 focus-within:ring-red-500\"\u001b[39m\n              \u001b[36m>\u001b[39m\n                \u001b[36m<label\u001b[39m\n                  \u001b[33mclass\u001b[39m=\u001b[32m\"block text-xs text-gray-400 group-focus-within:text-red-500\"\u001b[39m\n                  \u001b[33mfor\u001b[39m=\u001b[32m\"petSpecies\"\u001b[39m\n                \u001b[36m>\u001b[39m\n                  \u001b[0mEspecie de la mascota\u001b[0m\n                \u001b[36m</label>\u001b[39m\n                \u001b[36m<select\u001b[39m\n                  \u001b[33mclass\u001b[39m=\u001b[32m\"w-full text-sm text-gray-700 bg-transparent outline-none appearance-none cursor-pointer\"\u001b[39m\n                  \u001b[33mid\u001b[39m=\u001b[32m\"petSpecies\"\u001b[39m\n                \u001b[36m>\u001b[39m\n                  \u001b[36m<option\u001b[39m\n                    \u001b[33mdisabled\u001b[39m=\u001b[32m\"\"\u001b[39m\n                    \u001b[33mvalue\u001b[39m=\u001b[32m\"\"\u001b[39m\n                  \u001b[36m>\u001b[39m\n                    \u001b[0mSeleccionar una opción\u001b[0m\n                  \u001b[36m</option>\u001b[39m\n                  \u001b[36m<option\u001b[39m\n                    \u001b[33mvalue\u001b[39m=\u001b[32m\"Perro\"\u001b[39m\n                  \u001b[36m>\u001b[39m\n                    \u001b[0mPerro\u001b[0m\n                  \u001b[36m</option>\u001b[39m\n                  \u001b[36m<option\u001b[39m\n                    \u001b[33mvalue\u001b[39m=\u001b[32m\"Gato\"\u001b[39m\n                  \u001b[36m>\u001b[39m\n                    \u001b[0mGato\u001b[0m\n                  \u001b[36m</option>\u001b[39m\n                  \u001b[36m<option\u001b[39m\n                    \u001b[33mvalue\u001b[39m=\u001b[32m\"Ave\"\u001b[39m\n                  \u001b[36m>\u001b[39m\n                    \u001b[0mAve\u001b[0m\n                  \u001b[36m</option>\u001b[39m\n                  \u001b[36m<option\u001b[39m\n                    \u001b[33mvalue\u001b[39m=\u001b[32m\"Otro\"\u001b[39m\n                  \u001b[36m>\u001b[39m\n                    \u001b[0mOtro\u001b[0m\n                  \u001b[36m</option>\u001b[39m\n                \u001b[36m</select>\u001b[39m\n                \u001b[36m<div\u001b[39m\n                  \u001b[33mclass\u001b[39m=\u001b[32m\"absolute right-3 top-1/2 translate-y-[-10%] pointer-events-none text-black\"\u001b[39m\n                \u001b[36m>\u001b[39m\n                  \u001b[36m<svg\u001b[39m\n                    \u001b[33mfill\u001b[39m=\u001b[32m\"none\"\u001b[39m\n                    \u001b[33mheight\u001b[39m=\u001b[32m\"8\"\u001b[39m\n                    \u001b[33mviewBox\u001b[39m=\u001b[32m\"0 0 14 8\"\u001b[39m\n                    \u001b[33mwidth\u001b[39m=\u001b[32m\"14\"\u001b[39m\n                    \u001b[33mxmlns\u001b[39m=\u001b[32m\"http://www.w3.org/2000/svg\"\u001b[39m\n                  \u001b[36m>\u001b[39m\n                    \u001b[36m<path\u001b[39m\n                      \u001b[33md\u001b[39m=\u001b[32m\"M1 1L7 7L13 1\"\u001b[39m\n                      \u001b[33mstroke\u001b[39m=\u001b[32m\"currentColor\"\u001b[39m\n                      \u001b[33mstroke-linecap\u001b[39m=\u001b[32m\"round\"\u001b[39m\n                      \u001b[33mstroke-linejoin\u001b[39m=\u001b[32m\"round\"\u001b[39m\n                      \u001b[33mstroke-width\u001b[39m=\u001b[32m\"1.5\"\u001b[39m\n                    \u001b[36m/>\u001b[39m\n                  \u001b[36m</svg>\u001b[39m\n                \u001b[36m</div>\u001b[39m\n              \u001b[36m</div>\u001b[39m\n              \u001b[36m<small\u001b[39m\n                \u001b[33mclass\u001b[39m=\u001b[32m\"text-xs leading-normal font-normal text-gray-900 color-danger ml-1 italic\"\u001b[39m\n              \u001b[36m>\u001b[39m\n                \u001b[0mSelecciona una especie\u001b[0m\n              \u001b[36m</small>\u001b[39m\n            \u001b[36m</div>\u001b[39m\n            \u001b[36m<div\u001b[39m\n              \u001b[33mclass\u001b[39m=\u001b[32m\"flex flex-col w-full\"\u001b[39m\n            \u001b[36m>\u001b[39m\n              \u001b[36m<div\u001b[39m\n                \u001b[33mclass\u001b[39m=\u001b[32m\"group relative border rounded-lg px-2 py-1 bg-white focus-within:ring-1 group border-red-500 focus-within:border-red-500 focus-within:ring-red-500\"\u001b[39m\n              \u001b[36m>\u001b[39m\n                \u001b[36m<label\u001b[39m\n                  \u001b[33mclass\u001b[39m=\u001b[32m\"block text-xs text-gray-400 group-focus-within:text-red-500\"\u001b[39m\n                  \u001b[33mfor\u001b[39m=\u001b[32m\"petDate\"\u001b[39m\n                \u001b[36m>\u001b[39m\n                  \u001b[0mFecha de extravío\u001b[0m\n                \u001b[36m</label>\u001b[39m\n                \u001b[36m<input\u001b[39m\n                  \u001b[33mclass\u001b[39m=\u001b[32m\"w-full text-sm text-gray-700 bg-transparent outline-none relative z-10\n                     [&::-webkit-calendar-picker-indicator]:opacity-0 \n                     [&::-webkit-calendar-picker-indicator]:absolute \n                     [&::-webkit-calendar-picker-indicator]:right-0 \n                     [&::-webkit-calendar-picker-indicator]:w-full \n                     [&::-webkit-calendar-picker-indicator]:h-full \n                     [&::-webkit-calendar-picker-indicator]:cursor-pointer\"\u001b[39m\n                  \u001b[33mid\u001b[39m=\u001b[32m\"petDate\"\u001b[39m\n                  \u001b[33mmax\u001b[39m=\u001b[32m\"2026-04-25\"\u001b[39m\n                  \u001b[33mtype\u001b[39m=\u001b[32m\"date\"\u001b[39m\n                  \u001b[33mvalue\u001b[39m=\u001b[32...\n    at Object.getElementError (C:\\Tec de Monterrey\\6to Semestre\\SOS-FullStack\\frontend\\node_modules\\@testing-library\\dom\\dist\\config.js:37:19)\n    at C:\\Tec de Monterrey\\6to Semestre\\SOS-FullStack\\frontend\\node_modules\\@testing-library\\dom\\dist\\query-helpers.js:76:38\n    at C:\\Tec de Monterrey\\6to Semestre\\SOS-FullStack\\frontend\\node_modules\\@testing-library\\dom\\dist\\query-helpers.js:52:17\n    at C:\\Tec de Monterrey\\6to Semestre\\SOS-FullStack\\frontend\\node_modules\\@testing-library\\dom\\dist\\query-helpers.js:95:19\n    at C:/Tec de Monterrey/6to Semestre/SOS-FullStack/frontend/src/test/clients/PetReportForm.test.tsx:84:14\n    at file:///C:/Tec%20de%20Monterrey/6to%20Semestre/SOS-FullStack/frontend/node_modules/@vitest/runner/dist/chunk-artifact.js:1903:20"],"meta":{},"tags":[]},{"ancestorTitles":["PetReportForm Component"],"fullName":"PetReportForm Component shows all required field errors when form is empty","status":"failed","title":"shows all required field errors when form is empty","duration":372.3222000000005,"failureMessages":["TestingLibraryElementError: Unable to find an element with the text: ¡Nos falta el nombre de tu mascota!. This could be because the text is broken up by multiple elements. In this case, you can provide a function for your text matcher to make your matcher more flexible.\n\nIgnored nodes: comments, script, style\n\u001b[36m<body>\u001b[39m\n  \u001b[36m<div>\u001b[39m\n    \u001b[36m<div\u001b[39m\n      \u001b[33mclass\u001b[39m=\u001b[32m\"min-h-screen pt-8 bg-white\"\u001b[39m\n      \u001b[33mid\u001b[39m=\u001b[32m\"report-section\"\u001b[39m\n    \u001b[36m>\u001b[39m\n      \u001b[36m<div\u001b[39m\n        \u001b[33mclass\u001b[39m=\u001b[32m\"w-full max-w-lg mx-auto flex flex-col gap-8\"\u001b[39m\n      \u001b[36m>\u001b[39m\n        \u001b[36m<div\u001b[39m\n          \u001b[33mid\u001b[39m=\u001b[32m\"user-info-section\"\u001b[39m\n        \u001b[36m>\u001b[39m\n          \u001b[36m<h2\u001b[39m\n            \u001b[33mclass\u001b[39m=\u001b[32m\"text-xl lg:text-2xl leading-snug font-medium text-gray-900 text-center mb-6 mt-2\"\u001b[39m\n          \u001b[36m>\u001b[39m\n            \u001b[0mInformación de la mascota\u001b[0m\n          \u001b[36m</h2>\u001b[39m\n          \u001b[36m<section\u001b[39m\n            \u001b[33mclass\u001b[39m=\u001b[32m\"w-5/6 md:w-4/5 lg:w-full lg:max-w-4xl xl:max-w-5xl mx-auto flex flex-col gap-5 py-4\"\u001b[39m\n          \u001b[36m>\u001b[39m\n            \u001b[36m<div\u001b[39m\n              \u001b[33mclass\u001b[39m=\u001b[32m\"flex flex-col w-full\"\u001b[39m\n            \u001b[36m>\u001b[39m\n              \u001b[36m<div\u001b[39m\n                \u001b[33mclass\u001b[39m=\u001b[32m\"relative border rounded-lg px-2 py-1 bg-white focus-within:ring-1 group border-red-500 focus-within:border-red-500 focus-within:ring-red-500\"\u001b[39m\n              \u001b[36m>\u001b[39m\n                \u001b[36m<label\u001b[39m\n                  \u001b[33mclass\u001b[39m=\u001b[32m\"block text-xs text-gray-400 group-focus-within:text-red-500\"\u001b[39m\n                  \u001b[33mfor\u001b[39m=\u001b[32m\"petName\"\u001b[39m\n                \u001b[36m>\u001b[39m\n                  \u001b[0mNombre de la mascota\u001b[0m\n                  \u001b[0m \u001b[0m\n                \u001b[36m</label>\u001b[39m\n                \u001b[36m<input\u001b[39m\n                  \u001b[33mclass\u001b[39m=\u001b[32m\"w-full text-sm text-gray-700 bg-transparent outline-none\"\u001b[39m\n                  \u001b[33mid\u001b[39m=\u001b[32m\"petName\"\u001b[39m\n                  \u001b[33mmaxlength\u001b[39m=\u001b[32m\"50\"\u001b[39m\n                  \u001b[33mvalue\u001b[39m=\u001b[32m\"\"\u001b[39m\n                \u001b[36m/>\u001b[39m\n              \u001b[36m</div>\u001b[39m\n              \u001b[36m<div\u001b[39m\n                \u001b[33mclass\u001b[39m=\u001b[32m\"flex justify-between\"\u001b[39m\n              \u001b[36m>\u001b[39m\n                \u001b[36m<small\u001b[39m\n                  \u001b[33mclass\u001b[39m=\u001b[32m\"text-xs leading-normal font-normal text-gray-900 color-danger ml-1 italic mt-1\"\u001b[39m\n                \u001b[36m>\u001b[39m\n                  \u001b[0mIngresa el nombre de tu mascota\u001b[0m\n                \u001b[36m</small>\u001b[39m\n              \u001b[36m</div>\u001b[39m\n            \u001b[36m</div>\u001b[39m\n            \u001b[36m<div\u001b[39m\n              \u001b[33mclass\u001b[39m=\u001b[32m\"flex flex-col w-full\"\u001b[39m\n            \u001b[36m>\u001b[39m\n              \u001b[36m<div\u001b[39m\n                \u001b[33mclass\u001b[39m=\u001b[32m\"group relative border border-gray-400 rounded-lg px-2 py-1 bg-white focus-within:ring-1 group border-red-500 focus-within:border-red-500 focus-within:ring-red-500\"\u001b[39m\n              \u001b[36m>\u001b[39m\n                \u001b[36m<label\u001b[39m\n                  \u001b[33mclass\u001b[39m=\u001b[32m\"block text-xs text-gray-400 group-focus-within:text-red-500\"\u001b[39m\n                  \u001b[33mfor\u001b[39m=\u001b[32m\"petSpecies\"\u001b[39m\n                \u001b[36m>\u001b[39m\n                  \u001b[0mEspecie de la mascota\u001b[0m\n                \u001b[36m</label>\u001b[39m\n                \u001b[36m<select\u001b[39m\n                  \u001b[33mclass\u001b[39m=\u001b[32m\"w-full text-sm text-gray-700 bg-transparent outline-none appearance-none cursor-pointer\"\u001b[39m\n                  \u001b[33mid\u001b[39m=\u001b[32m\"petSpecies\"\u001b[39m\n                \u001b[36m>\u001b[39m\n                  \u001b[36m<option\u001b[39m\n                    \u001b[33mdisabled\u001b[39m=\u001b[32m\"\"\u001b[39m\n                    \u001b[33mvalue\u001b[39m=\u001b[32m\"\"\u001b[39m\n                  \u001b[36m>\u001b[39m\n                    \u001b[0mSeleccionar una opción\u001b[0m\n                  \u001b[36m</option>\u001b[39m\n                  \u001b[36m<option\u001b[39m\n                    \u001b[33mvalue\u001b[39m=\u001b[32m\"Perro\"\u001b[39m\n                  \u001b[36m>\u001b[39m\n                    \u001b[0mPerro\u001b[0m\n                  \u001b[36m</option>\u001b[39m\n                  \u001b[36m<option\u001b[39m\n                    \u001b[33mvalue\u001b[39m=\u001b[32m\"Gato\"\u001b[39m\n                  \u001b[36m>\u001b[39m\n                    \u001b[0mGato\u001b[0m\n                  \u001b[36m</option>\u001b[39m\n                  \u001b[36m<option\u001b[39m\n                    \u001b[33mvalue\u001b[39m=\u001b[32m\"Ave\"\u001b[39m\n                  \u001b[36m>\u001b[39m\n                    \u001b[0mAve\u001b[0m\n                  \u001b[36m</option>\u001b[39m\n                  \u001b[36m<option\u001b[39m\n                    \u001b[33mvalue\u001b[39m=\u001b[32m\"Otro\"\u001b[39m\n                  \u001b[36m>\u001b[39m\n                    \u001b[0mOtro\u001b[0m\n                  \u001b[36m</option>\u001b[39m\n                \u001b[36m</select>\u001b[39m\n                \u001b[36m<div\u001b[39m\n                  \u001b[33mclass\u001b[39m=\u001b[32m\"absolute right-3 top-1/2 translate-y-[-10%] pointer-events-none text-black\"\u001b[39m\n                \u001b[36m>\u001b[39m\n                  \u001b[36m<svg\u001b[39m\n                    \u001b[33mfill\u001b[39m=\u001b[32m\"none\"\u001b[39m\n                    \u001b[33mheight\u001b[39m=\u001b[32m\"8\"\u001b[39m\n                    \u001b[33mviewBox\u001b[39m=\u001b[32m\"0 0 14 8\"\u001b[39m\n                    \u001b[33mwidth\u001b[39m=\u001b[32m\"14\"\u001b[39m\n                    \u001b[33mxmlns\u001b[39m=\u001b[32m\"http://www.w3.org/2000/svg\"\u001b[39m\n                  \u001b[36m>\u001b[39m\n                    \u001b[36m<path\u001b[39m\n                      \u001b[33md\u001b[39m=\u001b[32m\"M1 1L7 7L13 1\"\u001b[39m\n                      \u001b[33mstroke\u001b[39m=\u001b[32m\"currentColor\"\u001b[39m\n                      \u001b[33mstroke-linecap\u001b[39m=\u001b[32m\"round\"\u001b[39m\n                      \u001b[33mstroke-linejoin\u001b[39m=\u001b[32m\"round\"\u001b[39m\n                      \u001b[33mstroke-width\u001b[39m=\u001b[32m\"1.5\"\u001b[39m\n                    \u001b[36m/>\u001b[39m\n                  \u001b[36m</svg>\u001b[39m\n                \u001b[36m</div>\u001b[39m\n              \u001b[36m</div>\u001b[39m\n              \u001b[36m<small\u001b[39m\n                \u001b[33mclass\u001b[39m=\u001b[32m\"text-xs leading-normal font-normal text-gray-900 color-danger ml-1 italic\"\u001b[39m\n              \u001b[36m>\u001b[39m\n                \u001b[0mSelecciona una especie\u001b[0m\n              \u001b[36m</small>\u001b[39m\n            \u001b[36m</div>\u001b[39m\n            \u001b[36m<div\u001b[39m\n              \u001b[33mclass\u001b[39m=\u001b[32m\"flex flex-col w-full\"\u001b[39m\n            \u001b[36m>\u001b[39m\n              \u001b[36m<div\u001b[39m\n                \u001b[33mclass\u001b[39m=\u001b[32m\"group relative border rounded-lg px-2 py-1 bg-white focus-within:ring-1 group border-red-500 focus-within:border-red-500 focus-within:ring-red-500\"\u001b[39m\n              \u001b[36m>\u001b[39m\n                \u001b[36m<label\u001b[39m\n                  \u001b[33mclass\u001b[39m=\u001b[32m\"block text-xs text-gray-400 group-focus-within:text-red-500\"\u001b[39m\n                  \u001b[33mfor\u001b[39m=\u001b[32m\"petDate\"\u001b[39m\n                \u001b[36m>\u001b[39m\n                  \u001b[0mFecha de extravío\u001b[0m\n                \u001b[36m</label>\u001b[39m\n                \u001b[36m<input\u001b[39m\n                  \u001b[33mclass\u001b[39m=\u001b[32m\"w-full text-sm text-gray-700 bg-transparent outline-none relative z-10\n                     [&::-webkit-calendar-picker-indicator]:opacity-0 \n                     [&::-webkit-calendar-picker-indicator]:absolute \n                     [&::-webkit-calendar-picker-indicator]:right-0 \n                     [&::-webkit-calendar-picker-indicator]:w-full \n                     [&::-webkit-calendar-picker-indicator]:h-full \n                     [&::-webkit-calendar-picker-indicator]:cursor-pointer\"\u001b[39m\n                  \u001b[33mid\u001b[39m=\u001b[32m\"petDate\"\u001b[39m\n                  \u001b[33mmax\u001b[39m=\u001b[32m\"2026-04-25\"\u001b[39m\n                  \u001b[33mtype\u001b[39m=\u001b[32m\"date\"\u001b[39m\n                  \u001b[33mvalue\u001b[39m=\u001b[32...\n    at Object.getElementError (C:\\Tec de Monterrey\\6to Semestre\\SOS-FullStack\\frontend\\node_modules\\@testing-library\\dom\\dist\\config.js:37:19)\n    at C:\\Tec de Monterrey\\6to Semestre\\SOS-FullStack\\frontend\\node_modules\\@testing-library\\dom\\dist\\query-helpers.js:76:38\n    at C:\\Tec de Monterrey\\6to Semestre\\SOS-FullStack\\frontend\\node_modules\\@testing-library\\dom\\dist\\query-helpers.js:52:17\n    at C:\\Tec de Monterrey\\6to Semestre\\SOS-FullStack\\frontend\\node_modules\\@testing-library\\dom\\dist\\query-helpers.js:95:19\n    at C:/Tec de Monterrey/6to Semestre/SOS-FullStack/frontend/src/test/clients/PetReportForm.test.tsx:99:14\n    at file:///C:/Tec%20de%20Monterrey/6to%20Semestre/SOS-FullStack/frontend/node_modules/@vitest/runner/dist/chunk-artifact.js:1903:20"],"meta":{},"tags":[]},{"ancestorTitles":["PetReportForm Component"],"fullName":"PetReportForm Component does not navigate when the form has errors","status":"passed","title":"does not navigate when the form has errors","duration":328.3745999999992,"failureMessages":[],"meta":{},"tags":[]},{"ancestorTitles":["PetReportForm Component"],"fullName":"PetReportForm Component shows invalid email format error when email is malformed","status":"failed","title":"shows invalid email format error when email is malformed","duration":338.8604000000005,"failureMessages":["TestingLibraryElementError: Unable to find an element with the text: ¡Correo inválido!. This could be because the text is broken up by multiple elements. In this case, you can provide a function for your text matcher to make your matcher more flexible.\n\nIgnored nodes: comments, script, style\n\u001b[36m<body>\u001b[39m\n  \u001b[36m<div>\u001b[39m\n    \u001b[36m<div\u001b[39m\n      \u001b[33mclass\u001b[39m=\u001b[32m\"min-h-screen pt-8 bg-white\"\u001b[39m\n      \u001b[33mid\u001b[39m=\u001b[32m\"report-section\"\u001b[39m\n    \u001b[36m>\u001b[39m\n      \u001b[36m<div\u001b[39m\n        \u001b[33mclass\u001b[39m=\u001b[32m\"w-full max-w-lg mx-auto flex flex-col gap-8\"\u001b[39m\n      \u001b[36m>\u001b[39m\n        \u001b[36m<div\u001b[39m\n          \u001b[33mid\u001b[39m=\u001b[32m\"user-info-section\"\u001b[39m\n        \u001b[36m>\u001b[39m\n          \u001b[36m<h2\u001b[39m\n            \u001b[33mclass\u001b[39m=\u001b[32m\"text-xl lg:text-2xl leading-snug font-medium text-gray-900 text-center mb-6 mt-2\"\u001b[39m\n          \u001b[36m>\u001b[39m\n            \u001b[0mInformación de la mascota\u001b[0m\n          \u001b[36m</h2>\u001b[39m\n          \u001b[36m<section\u001b[39m\n            \u001b[33mclass\u001b[39m=\u001b[32m\"w-5/6 md:w-4/5 lg:w-full lg:max-w-4xl xl:max-w-5xl mx-auto flex flex-col gap-5 py-4\"\u001b[39m\n          \u001b[36m>\u001b[39m\n            \u001b[36m<div\u001b[39m\n              \u001b[33mclass\u001b[39m=\u001b[32m\"flex flex-col w-full\"\u001b[39m\n            \u001b[36m>\u001b[39m\n              \u001b[36m<div\u001b[39m\n                \u001b[33mclass\u001b[39m=\u001b[32m\"relative border rounded-lg px-2 py-1 bg-white focus-within:ring-1 group border-gray-400 focus-within:border-yellow-500 focus-within:ring-yellow-500\"\u001b[39m\n              \u001b[36m>\u001b[39m\n                \u001b[36m<label\u001b[39m\n                  \u001b[33mclass\u001b[39m=\u001b[32m\"block text-xs text-gray-400 group-focus-within:text-[var(--color-primary)]\"\u001b[39m\n                  \u001b[33mfor\u001b[39m=\u001b[32m\"petName\"\u001b[39m\n                \u001b[36m>\u001b[39m\n                  \u001b[0mNombre de la mascota\u001b[0m\n                  \u001b[0m \u001b[0m\n                \u001b[36m</label>\u001b[39m\n                \u001b[36m<input\u001b[39m\n                  \u001b[33mclass\u001b[39m=\u001b[32m\"w-full text-sm text-gray-700 bg-transparent outline-none\"\u001b[39m\n                  \u001b[33mid\u001b[39m=\u001b[32m\"petName\"\u001b[39m\n                  \u001b[33mmaxlength\u001b[39m=\u001b[32m\"50\"\u001b[39m\n                  \u001b[33mvalue\u001b[39m=\u001b[32m\"Firulais\"\u001b[39m\n                \u001b[36m/>\u001b[39m\n              \u001b[36m</div>\u001b[39m\n              \u001b[36m<div\u001b[39m\n                \u001b[33mclass\u001b[39m=\u001b[32m\"flex justify-end\"\u001b[39m\n              \u001b[36m/>\u001b[39m\n            \u001b[36m</div>\u001b[39m\n            \u001b[36m<div\u001b[39m\n              \u001b[33mclass\u001b[39m=\u001b[32m\"flex flex-col w-full\"\u001b[39m\n            \u001b[36m>\u001b[39m\n              \u001b[36m<div\u001b[39m\n                \u001b[33mclass\u001b[39m=\u001b[32m\"group relative border border-gray-400 rounded-lg px-2 py-1 bg-white focus-within:ring-1 group border-gray-400 focus-within:border-yellow-500 focus-within:ring-yellow-500\"\u001b[39m\n              \u001b[36m>\u001b[39m\n                \u001b[36m<label\u001b[39m\n                  \u001b[33mclass\u001b[39m=\u001b[32m\"block text-xs text-gray-400 group-focus-within:text-[var(--color-primary)]\"\u001b[39m\n                  \u001b[33mfor\u001b[39m=\u001b[32m\"petSpecies\"\u001b[39m\n                \u001b[36m>\u001b[39m\n                  \u001b[0mEspecie de la mascota\u001b[0m\n                \u001b[36m</label>\u001b[39m\n                \u001b[36m<select\u001b[39m\n                  \u001b[33mclass\u001b[39m=\u001b[32m\"w-full text-sm text-gray-700 bg-transparent outline-none appearance-none cursor-pointer\"\u001b[39m\n                  \u001b[33mid\u001b[39m=\u001b[32m\"petSpecies\"\u001b[39m\n                \u001b[36m>\u001b[39m\n                  \u001b[36m<option\u001b[39m\n                    \u001b[33mdisabled\u001b[39m=\u001b[32m\"\"\u001b[39m\n                    \u001b[33mvalue\u001b[39m=\u001b[32m\"\"\u001b[39m\n                  \u001b[36m>\u001b[39m\n                    \u001b[0mSeleccionar una opción\u001b[0m\n                  \u001b[36m</option>\u001b[39m\n                  \u001b[36m<option\u001b[39m\n                    \u001b[33mvalue\u001b[39m=\u001b[32m\"Perro\"\u001b[39m\n                  \u001b[36m>\u001b[39m\n                    \u001b[0mPerro\u001b[0m\n                  \u001b[36m</option>\u001b[39m\n                  \u001b[36m<option\u001b[39m\n                    \u001b[33mvalue\u001b[39m=\u001b[32m\"Gato\"\u001b[39m\n                  \u001b[36m>\u001b[39m\n                    \u001b[0mGato\u001b[0m\n                  \u001b[36m</option>\u001b[39m\n                  \u001b[36m<option\u001b[39m\n                    \u001b[33mvalue\u001b[39m=\u001b[32m\"Ave\"\u001b[39m\n                  \u001b[36m>\u001b[39m\n                    \u001b[0mAve\u001b[0m\n                  \u001b[36m</option>\u001b[39m\n                  \u001b[36m<option\u001b[39m\n                    \u001b[33mvalue\u001b[39m=\u001b[32m\"Otro\"\u001b[39m\n                  \u001b[36m>\u001b[39m\n                    \u001b[0mOtro\u001b[0m\n                  \u001b[36m</option>\u001b[39m\n                \u001b[36m</select>\u001b[39m\n                \u001b[36m<div\u001b[39m\n                  \u001b[33mclass\u001b[39m=\u001b[32m\"absolute right-3 top-1/2 translate-y-[-10%] pointer-events-none text-black\"\u001b[39m\n                \u001b[36m>\u001b[39m\n                  \u001b[36m<svg\u001b[39m\n                    \u001b[33mfill\u001b[39m=\u001b[32m\"none\"\u001b[39m\n                    \u001b[33mheight\u001b[39m=\u001b[32m\"8\"\u001b[39m\n                    \u001b[33mviewBox\u001b[39m=\u001b[32m\"0 0 14 8\"\u001b[39m\n                    \u001b[33mwidth\u001b[39m=\u001b[32m\"14\"\u001b[39m\n                    \u001b[33mxmlns\u001b[39m=\u001b[32m\"http://www.w3.org/2000/svg\"\u001b[39m\n                  \u001b[36m>\u001b[39m\n                    \u001b[36m<path\u001b[39m\n                      \u001b[33md\u001b[39m=\u001b[32m\"M1 1L7 7L13 1\"\u001b[39m\n                      \u001b[33mstroke\u001b[39m=\u001b[32m\"currentColor\"\u001b[39m\n                      \u001b[33mstroke-linecap\u001b[39m=\u001b[32m\"round\"\u001b[39m\n                      \u001b[33mstroke-linejoin\u001b[39m=\u001b[32m\"round\"\u001b[39m\n                      \u001b[33mstroke-width\u001b[39m=\u001b[32m\"1.5\"\u001b[39m\n                    \u001b[36m/>\u001b[39m\n                  \u001b[36m</svg>\u001b[39m\n                \u001b[36m</div>\u001b[39m\n              \u001b[36m</div>\u001b[39m\n            \u001b[36m</div>\u001b[39m\n            \u001b[36m<div\u001b[39m\n              \u001b[33mclass\u001b[39m=\u001b[32m\"flex flex-col w-full\"\u001b[39m\n            \u001b[36m>\u001b[39m\n              \u001b[36m<div\u001b[39m\n                \u001b[33mclass\u001b[39m=\u001b[32m\"group relative border rounded-lg px-2 py-1 bg-white focus-within:ring-1 group border-gray-400 focus-within:border-yellow-500 focus-within:ring-yellow-500\"\u001b[39m\n              \u001b[36m>\u001b[39m\n                \u001b[36m<label\u001b[39m\n                  \u001b[33mclass\u001b[39m=\u001b[32m\"block text-xs text-gray-400 group-focus-within:text-[var(--color-primary)]\"\u001b[39m\n                  \u001b[33mfor\u001b[39m=\u001b[32m\"petDate\"\u001b[39m\n                \u001b[36m>\u001b[39m\n                  \u001b[0mFecha de extravío\u001b[0m\n                \u001b[36m</label>\u001b[39m\n                \u001b[36m<input\u001b[39m\n                  \u001b[33mclass\u001b[39m=\u001b[32m\"w-full text-sm text-gray-700 bg-transparent outline-none relative z-10\n                     [&::-webkit-calendar-picker-indicator]:opacity-0 \n                     [&::-webkit-calendar-picker-indicator]:absolute \n                     [&::-webkit-calendar-picker-indicator]:right-0 \n                     [&::-webkit-calendar-picker-indicator]:w-full \n                     [&::-webkit-calendar-picker-indicator]:h-full \n                     [&::-webkit-calendar-picker-indicator]:cursor-pointer\"\u001b[39m\n                  \u001b[33mid\u001b[39m=\u001b[32m\"petDate\"\u001b[39m\n                  \u001b[33mmax\u001b[39m=\u001b[32m\"2026-04-25\"\u001b[39m\n                  \u001b[33mtype\u001b[39m=\u001b[32m\"date\"\u001b[39m\n                  \u001b[33mvalue\u001b[39m=\u001b[32m\"2020-06-15\"\u001b[39m\n                \u001b[36m/>\u001b[39m\n                \u001b[36m<div\u001b[39m\n                  \u001b[33mclass\u001b[39m=\u001b[32m\"absolute right-3 top-1/2 translate-y-[-10%] pointer-events-none text-black z-0\"\u001b[39m\n                \u001b[36m>\u001b[39m\n                  \u001b[36m<svg\u001b[39m\n                    \u001b[33mfill\u001b[39m=\u001b[32m\"none\"\u001b[39m\n                    \u001b[33mheight\u001b[39m=\u001b[32m\"20\"\u001b[39m\n                    \u001b[33mstroke\u001b[39m=\u001b[32m\"currentColor\"\u001b[39m\n                    \u001b[33mstroke-linecap\u001b[39m=\u001b[32m\"round\"\u001b[39m\n...\n    at Object.getElementError (C:\\Tec de Monterrey\\6to Semestre\\SOS-FullStack\\frontend\\node_modules\\@testing-library\\dom\\dist\\config.js:37:19)\n    at C:\\Tec de Monterrey\\6to Semestre\\SOS-FullStack\\frontend\\node_modules\\@testing-library\\dom\\dist\\query-helpers.js:76:38\n    at C:\\Tec de Monterrey\\6to Semestre\\SOS-FullStack\\frontend\\node_modules\\@testing-library\\dom\\dist\\query-helpers.js:52:17\n    at C:\\Tec de Monterrey\\6to Semestre\\SOS-FullStack\\frontend\\node_modules\\@testing-library\\dom\\dist\\query-helpers.js:95:19\n    at C:/Tec de Monterrey/6to Semestre/SOS-FullStack/frontend/src/test/clients/PetReportForm.test.tsx:135:19\n    at file:///C:/Tec%20de%20Monterrey/6to%20Semestre/SOS-FullStack/frontend/node_modules/@vitest/runner/dist/chunk-artifact.js:1903:20"],"meta":{},"tags":[]},{"ancestorTitles":["PetReportForm Component"],"fullName":"PetReportForm Component shows invalid email error for email without domain","status":"failed","title":"shows invalid email error for email without domain","duration":414.15530000000035,"failureMessages":["TestingLibraryElementError: Unable to find an element with the text: ¡Correo inválido!. This could be because the text is broken up by multiple elements. In this case, you can provide a function for your text matcher to make your matcher more flexible.\n\nIgnored nodes: comments, script, style\n\u001b[36m<body>\u001b[39m\n  \u001b[36m<div>\u001b[39m\n    \u001b[36m<div\u001b[39m\n      \u001b[33mclass\u001b[39m=\u001b[32m\"min-h-screen pt-8 bg-white\"\u001b[39m\n      \u001b[33mid\u001b[39m=\u001b[32m\"report-section\"\u001b[39m\n    \u001b[36m>\u001b[39m\n      \u001b[36m<div\u001b[39m\n        \u001b[33mclass\u001b[39m=\u001b[32m\"w-full max-w-lg mx-auto flex flex-col gap-8\"\u001b[39m\n      \u001b[36m>\u001b[39m\n        \u001b[36m<div\u001b[39m\n          \u001b[33mid\u001b[39m=\u001b[32m\"user-info-section\"\u001b[39m\n        \u001b[36m>\u001b[39m\n          \u001b[36m<h2\u001b[39m\n            \u001b[33mclass\u001b[39m=\u001b[32m\"text-xl lg:text-2xl leading-snug font-medium text-gray-900 text-center mb-6 mt-2\"\u001b[39m\n          \u001b[36m>\u001b[39m\n            \u001b[0mInformación de la mascota\u001b[0m\n          \u001b[36m</h2>\u001b[39m\n          \u001b[36m<section\u001b[39m\n            \u001b[33mclass\u001b[39m=\u001b[32m\"w-5/6 md:w-4/5 lg:w-full lg:max-w-4xl xl:max-w-5xl mx-auto flex flex-col gap-5 py-4\"\u001b[39m\n          \u001b[36m>\u001b[39m\n            \u001b[36m<div\u001b[39m\n              \u001b[33mclass\u001b[39m=\u001b[32m\"flex flex-col w-full\"\u001b[39m\n            \u001b[36m>\u001b[39m\n              \u001b[36m<div\u001b[39m\n                \u001b[33mclass\u001b[39m=\u001b[32m\"relative border rounded-lg px-2 py-1 bg-white focus-within:ring-1 group border-gray-400 focus-within:border-yellow-500 focus-within:ring-yellow-500\"\u001b[39m\n              \u001b[36m>\u001b[39m\n                \u001b[36m<label\u001b[39m\n                  \u001b[33mclass\u001b[39m=\u001b[32m\"block text-xs text-gray-400 group-focus-within:text-[var(--color-primary)]\"\u001b[39m\n                  \u001b[33mfor\u001b[39m=\u001b[32m\"petName\"\u001b[39m\n                \u001b[36m>\u001b[39m\n                  \u001b[0mNombre de la mascota\u001b[0m\n                  \u001b[0m \u001b[0m\n                \u001b[36m</label>\u001b[39m\n                \u001b[36m<input\u001b[39m\n                  \u001b[33mclass\u001b[39m=\u001b[32m\"w-full text-sm text-gray-700 bg-transparent outline-none\"\u001b[39m\n                  \u001b[33mid\u001b[39m=\u001b[32m\"petName\"\u001b[39m\n                  \u001b[33mmaxlength\u001b[39m=\u001b[32m\"50\"\u001b[39m\n                  \u001b[33mvalue\u001b[39m=\u001b[32m\"Firulais\"\u001b[39m\n                \u001b[36m/>\u001b[39m\n              \u001b[36m</div>\u001b[39m\n              \u001b[36m<div\u001b[39m\n                \u001b[33mclass\u001b[39m=\u001b[32m\"flex justify-end\"\u001b[39m\n              \u001b[36m/>\u001b[39m\n            \u001b[36m</div>\u001b[39m\n            \u001b[36m<div\u001b[39m\n              \u001b[33mclass\u001b[39m=\u001b[32m\"flex flex-col w-full\"\u001b[39m\n            \u001b[36m>\u001b[39m\n              \u001b[36m<div\u001b[39m\n                \u001b[33mclass\u001b[39m=\u001b[32m\"group relative border border-gray-400 rounded-lg px-2 py-1 bg-white focus-within:ring-1 group border-gray-400 focus-within:border-yellow-500 focus-within:ring-yellow-500\"\u001b[39m\n              \u001b[36m>\u001b[39m\n                \u001b[36m<label\u001b[39m\n                  \u001b[33mclass\u001b[39m=\u001b[32m\"block text-xs text-gray-400 group-focus-within:text-[var(--color-primary)]\"\u001b[39m\n                  \u001b[33mfor\u001b[39m=\u001b[32m\"petSpecies\"\u001b[39m\n                \u001b[36m>\u001b[39m\n                  \u001b[0mEspecie de la mascota\u001b[0m\n                \u001b[36m</label>\u001b[39m\n                \u001b[36m<select\u001b[39m\n                  \u001b[33mclass\u001b[39m=\u001b[32m\"w-full text-sm text-gray-700 bg-transparent outline-none appearance-none cursor-pointer\"\u001b[39m\n                  \u001b[33mid\u001b[39m=\u001b[32m\"petSpecies\"\u001b[39m\n                \u001b[36m>\u001b[39m\n                  \u001b[36m<option\u001b[39m\n                    \u001b[33mdisabled\u001b[39m=\u001b[32m\"\"\u001b[39m\n                    \u001b[33mvalue\u001b[39m=\u001b[32m\"\"\u001b[39m\n                  \u001b[36m>\u001b[39m\n                    \u001b[0mSeleccionar una opción\u001b[0m\n                  \u001b[36m</option>\u001b[39m\n                  \u001b[36m<option\u001b[39m\n                    \u001b[33mvalue\u001b[39m=\u001b[32m\"Perro\"\u001b[39m\n                  \u001b[36m>\u001b[39m\n                    \u001b[0mPerro\u001b[0m\n                  \u001b[36m</option>\u001b[39m\n                  \u001b[36m<option\u001b[39m\n                    \u001b[33mvalue\u001b[39m=\u001b[32m\"Gato\"\u001b[39m\n                  \u001b[36m>\u001b[39m\n                    \u001b[0mGato\u001b[0m\n                  \u001b[36m</option>\u001b[39m\n                  \u001b[36m<option\u001b[39m\n                    \u001b[33mvalue\u001b[39m=\u001b[32m\"Ave\"\u001b[39m\n                  \u001b[36m>\u001b[39m\n                    \u001b[0mAve\u001b[0m\n                  \u001b[36m</option>\u001b[39m\n                  \u001b[36m<option\u001b[39m\n                    \u001b[33mvalue\u001b[39m=\u001b[32m\"Otro\"\u001b[39m\n                  \u001b[36m>\u001b[39m\n                    \u001b[0mOtro\u001b[0m\n                  \u001b[36m</option>\u001b[39m\n                \u001b[36m</select>\u001b[39m\n                \u001b[36m<div\u001b[39m\n                  \u001b[33mclass\u001b[39m=\u001b[32m\"absolute right-3 top-1/2 translate-y-[-10%] pointer-events-none text-black\"\u001b[39m\n                \u001b[36m>\u001b[39m\n                  \u001b[36m<svg\u001b[39m\n                    \u001b[33mfill\u001b[39m=\u001b[32m\"none\"\u001b[39m\n                    \u001b[33mheight\u001b[39m=\u001b[32m\"8\"\u001b[39m\n                    \u001b[33mviewBox\u001b[39m=\u001b[32m\"0 0 14 8\"\u001b[39m\n                    \u001b[33mwidth\u001b[39m=\u001b[32m\"14\"\u001b[39m\n                    \u001b[33mxmlns\u001b[39m=\u001b[32m\"http://www.w3.org/2000/svg\"\u001b[39m\n                  \u001b[36m>\u001b[39m\n                    \u001b[36m<path\u001b[39m\n                      \u001b[33md\u001b[39m=\u001b[32m\"M1 1L7 7L13 1\"\u001b[39m\n                      \u001b[33mstroke\u001b[39m=\u001b[32m\"currentColor\"\u001b[39m\n                      \u001b[33mstroke-linecap\u001b[39m=\u001b[32m\"round\"\u001b[39m\n                      \u001b[33mstroke-linejoin\u001b[39m=\u001b[32m\"round\"\u001b[39m\n                      \u001b[33mstroke-width\u001b[39m=\u001b[32m\"1.5\"\u001b[39m\n                    \u001b[36m/>\u001b[39m\n                  \u001b[36m</svg>\u001b[39m\n                \u001b[36m</div>\u001b[39m\n              \u001b[36m</div>\u001b[39m\n            \u001b[36m</div>\u001b[39m\n            \u001b[36m<div\u001b[39m\n              \u001b[33mclass\u001b[39m=\u001b[32m\"flex flex-col w-full\"\u001b[39m\n            \u001b[36m>\u001b[39m\n              \u001b[36m<div\u001b[39m\n                \u001b[33mclass\u001b[39m=\u001b[32m\"group relative border rounded-lg px-2 py-1 bg-white focus-within:ring-1 group border-gray-400 focus-within:border-yellow-500 focus-within:ring-yellow-500\"\u001b[39m\n              \u001b[36m>\u001b[39m\n                \u001b[36m<label\u001b[39m\n                  \u001b[33mclass\u001b[39m=\u001b[32m\"block text-xs text-gray-400 group-focus-within:text-[var(--color-primary)]\"\u001b[39m\n                  \u001b[33mfor\u001b[39m=\u001b[32m\"petDate\"\u001b[39m\n                \u001b[36m>\u001b[39m\n                  \u001b[0mFecha de extravío\u001b[0m\n                \u001b[36m</label>\u001b[39m\n                \u001b[36m<input\u001b[39m\n                  \u001b[33mclass\u001b[39m=\u001b[32m\"w-full text-sm text-gray-700 bg-transparent outline-none relative z-10\n                     [&::-webkit-calendar-picker-indicator]:opacity-0 \n                     [&::-webkit-calendar-picker-indicator]:absolute \n                     [&::-webkit-calendar-picker-indicator]:right-0 \n                     [&::-webkit-calendar-picker-indicator]:w-full \n                     [&::-webkit-calendar-picker-indicator]:h-full \n                     [&::-webkit-calendar-picker-indicator]:cursor-pointer\"\u001b[39m\n                  \u001b[33mid\u001b[39m=\u001b[32m\"petDate\"\u001b[39m\n                  \u001b[33mmax\u001b[39m=\u001b[32m\"2026-04-25\"\u001b[39m\n                  \u001b[33mtype\u001b[39m=\u001b[32m\"date\"\u001b[39m\n                  \u001b[33mvalue\u001b[39m=\u001b[32m\"2020-06-15\"\u001b[39m\n                \u001b[36m/>\u001b[39m\n                \u001b[36m<div\u001b[39m\n                  \u001b[33mclass\u001b[39m=\u001b[32m\"absolute right-3 top-1/2 translate-y-[-10%] pointer-events-none text-black z-0\"\u001b[39m\n                \u001b[36m>\u001b[39m\n                  \u001b[36m<svg\u001b[39m\n                    \u001b[33mfill\u001b[39m=\u001b[32m\"none\"\u001b[39m\n                    \u001b[33mheight\u001b[39m=\u001b[32m\"20\"\u001b[39m\n                    \u001b[33mstroke\u001b[39m=\u001b[32m\"currentColor\"\u001b[39m\n                    \u001b[33mstroke-linecap\u001b[39m=\u001b[32m\"round\"\u001b[39m\n...\n    at Object.getElementError (C:\\Tec de Monterrey\\6to Semestre\\SOS-FullStack\\frontend\\node_modules\\@testing-library\\dom\\dist\\config.js:37:19)\n    at C:\\Tec de Monterrey\\6to Semestre\\SOS-FullStack\\frontend\\node_modules\\@testing-library\\dom\\dist\\query-helpers.js:76:38\n    at C:\\Tec de Monterrey\\6to Semestre\\SOS-FullStack\\frontend\\node_modules\\@testing-library\\dom\\dist\\query-helpers.js:52:17\n    at C:\\Tec de Monterrey\\6to Semestre\\SOS-FullStack\\frontend\\node_modules\\@testing-library\\dom\\dist\\query-helpers.js:95:19\n    at C:/Tec de Monterrey/6to Semestre/SOS-FullStack/frontend/src/test/clients/PetReportForm.test.tsx:149:19\n    at file:///C:/Tec%20de%20Monterrey/6to%20Semestre/SOS-FullStack/frontend/node_modules/@vitest/runner/dist/chunk-artifact.js:1903:20"],"meta":{},"tags":[]},{"ancestorTitles":["PetReportForm Component"],"fullName":"PetReportForm Component shows future date error when date is in the future","status":"failed","title":"shows future date error when date is in the future","duration":381.58389999999963,"failureMessages":["TestingLibraryElementError: Unable to find an element with the text: ¡La fecha no puede ser futura!. This could be because the text is broken up by multiple elements. In this case, you can provide a function for your text matcher to make your matcher more flexible.\n\nIgnored nodes: comments, script, style\n\u001b[36m<body>\u001b[39m\n  \u001b[36m<div>\u001b[39m\n    \u001b[36m<div\u001b[39m\n      \u001b[33mclass\u001b[39m=\u001b[32m\"min-h-screen pt-8 bg-white\"\u001b[39m\n      \u001b[33mid\u001b[39m=\u001b[32m\"report-section\"\u001b[39m\n    \u001b[36m>\u001b[39m\n      \u001b[36m<div\u001b[39m\n        \u001b[33mclass\u001b[39m=\u001b[32m\"w-full max-w-lg mx-auto flex flex-col gap-8\"\u001b[39m\n      \u001b[36m>\u001b[39m\n        \u001b[36m<div\u001b[39m\n          \u001b[33mid\u001b[39m=\u001b[32m\"user-info-section\"\u001b[39m\n        \u001b[36m>\u001b[39m\n          \u001b[36m<h2\u001b[39m\n            \u001b[33mclass\u001b[39m=\u001b[32m\"text-xl lg:text-2xl leading-snug font-medium text-gray-900 text-center mb-6 mt-2\"\u001b[39m\n          \u001b[36m>\u001b[39m\n            \u001b[0mInformación de la mascota\u001b[0m\n          \u001b[36m</h2>\u001b[39m\n          \u001b[36m<section\u001b[39m\n            \u001b[33mclass\u001b[39m=\u001b[32m\"w-5/6 md:w-4/5 lg:w-full lg:max-w-4xl xl:max-w-5xl mx-auto flex flex-col gap-5 py-4\"\u001b[39m\n          \u001b[36m>\u001b[39m\n            \u001b[36m<div\u001b[39m\n              \u001b[33mclass\u001b[39m=\u001b[32m\"flex flex-col w-full\"\u001b[39m\n            \u001b[36m>\u001b[39m\n              \u001b[36m<div\u001b[39m\n                \u001b[33mclass\u001b[39m=\u001b[32m\"relative border rounded-lg px-2 py-1 bg-white focus-within:ring-1 group border-gray-400 focus-within:border-yellow-500 focus-within:ring-yellow-500\"\u001b[39m\n              \u001b[36m>\u001b[39m\n                \u001b[36m<label\u001b[39m\n                  \u001b[33mclass\u001b[39m=\u001b[32m\"block text-xs text-gray-400 group-focus-within:text-[var(--color-primary)]\"\u001b[39m\n                  \u001b[33mfor\u001b[39m=\u001b[32m\"petName\"\u001b[39m\n                \u001b[36m>\u001b[39m\n                  \u001b[0mNombre de la mascota\u001b[0m\n                  \u001b[0m \u001b[0m\n                \u001b[36m</label>\u001b[39m\n                \u001b[36m<input\u001b[39m\n                  \u001b[33mclass\u001b[39m=\u001b[32m\"w-full text-sm text-gray-700 bg-transparent outline-none\"\u001b[39m\n                  \u001b[33mid\u001b[39m=\u001b[32m\"petName\"\u001b[39m\n                  \u001b[33mmaxlength\u001b[39m=\u001b[32m\"50\"\u001b[39m\n                  \u001b[33mvalue\u001b[39m=\u001b[32m\"Firulais\"\u001b[39m\n                \u001b[36m/>\u001b[39m\n              \u001b[36m</div>\u001b[39m\n              \u001b[36m<div\u001b[39m\n                \u001b[33mclass\u001b[39m=\u001b[32m\"flex justify-end\"\u001b[39m\n              \u001b[36m/>\u001b[39m\n            \u001b[36m</div>\u001b[39m\n            \u001b[36m<div\u001b[39m\n              \u001b[33mclass\u001b[39m=\u001b[32m\"flex flex-col w-full\"\u001b[39m\n            \u001b[36m>\u001b[39m\n              \u001b[36m<div\u001b[39m\n                \u001b[33mclass\u001b[39m=\u001b[32m\"group relative border border-gray-400 rounded-lg px-2 py-1 bg-white focus-within:ring-1 group border-gray-400 focus-within:border-yellow-500 focus-within:ring-yellow-500\"\u001b[39m\n              \u001b[36m>\u001b[39m\n                \u001b[36m<label\u001b[39m\n                  \u001b[33mclass\u001b[39m=\u001b[32m\"block text-xs text-gray-400 group-focus-within:text-[var(--color-primary)]\"\u001b[39m\n                  \u001b[33mfor\u001b[39m=\u001b[32m\"petSpecies\"\u001b[39m\n                \u001b[36m>\u001b[39m\n                  \u001b[0mEspecie de la mascota\u001b[0m\n                \u001b[36m</label>\u001b[39m\n                \u001b[36m<select\u001b[39m\n                  \u001b[33mclass\u001b[39m=\u001b[32m\"w-full text-sm text-gray-700 bg-transparent outline-none appearance-none cursor-pointer\"\u001b[39m\n                  \u001b[33mid\u001b[39m=\u001b[32m\"petSpecies\"\u001b[39m\n                \u001b[36m>\u001b[39m\n                  \u001b[36m<option\u001b[39m\n                    \u001b[33mdisabled\u001b[39m=\u001b[32m\"\"\u001b[39m\n                    \u001b[33mvalue\u001b[39m=\u001b[32m\"\"\u001b[39m\n                  \u001b[36m>\u001b[39m\n                    \u001b[0mSeleccionar una opción\u001b[0m\n                  \u001b[36m</option>\u001b[39m\n                  \u001b[36m<option\u001b[39m\n                    \u001b[33mvalue\u001b[39m=\u001b[32m\"Perro\"\u001b[39m\n                  \u001b[36m>\u001b[39m\n                    \u001b[0mPerro\u001b[0m\n                  \u001b[36m</option>\u001b[39m\n                  \u001b[36m<option\u001b[39m\n                    \u001b[33mvalue\u001b[39m=\u001b[32m\"Gato\"\u001b[39m\n                  \u001b[36m>\u001b[39m\n                    \u001b[0mGato\u001b[0m\n                  \u001b[36m</option>\u001b[39m\n                  \u001b[36m<option\u001b[39m\n                    \u001b[33mvalue\u001b[39m=\u001b[32m\"Ave\"\u001b[39m\n                  \u001b[36m>\u001b[39m\n                    \u001b[0mAve\u001b[0m\n                  \u001b[36m</option>\u001b[39m\n                  \u001b[36m<option\u001b[39m\n                    \u001b[33mvalue\u001b[39m=\u001b[32m\"Otro\"\u001b[39m\n                  \u001b[36m>\u001b[39m\n                    \u001b[0mOtro\u001b[0m\n                  \u001b[36m</option>\u001b[39m\n                \u001b[36m</select>\u001b[39m\n                \u001b[36m<div\u001b[39m\n                  \u001b[33mclass\u001b[39m=\u001b[32m\"absolute right-3 top-1/2 translate-y-[-10%] pointer-events-none text-black\"\u001b[39m\n                \u001b[36m>\u001b[39m\n                  \u001b[36m<svg\u001b[39m\n                    \u001b[33mfill\u001b[39m=\u001b[32m\"none\"\u001b[39m\n                    \u001b[33mheight\u001b[39m=\u001b[32m\"8\"\u001b[39m\n                    \u001b[33mviewBox\u001b[39m=\u001b[32m\"0 0 14 8\"\u001b[39m\n                    \u001b[33mwidth\u001b[39m=\u001b[32m\"14\"\u001b[39m\n                    \u001b[33mxmlns\u001b[39m=\u001b[32m\"http://www.w3.org/2000/svg\"\u001b[39m\n                  \u001b[36m>\u001b[39m\n                    \u001b[36m<path\u001b[39m\n                      \u001b[33md\u001b[39m=\u001b[32m\"M1 1L7 7L13 1\"\u001b[39m\n                      \u001b[33mstroke\u001b[39m=\u001b[32m\"currentColor\"\u001b[39m\n                      \u001b[33mstroke-linecap\u001b[39m=\u001b[32m\"round\"\u001b[39m\n                      \u001b[33mstroke-linejoin\u001b[39m=\u001b[32m\"round\"\u001b[39m\n                      \u001b[33mstroke-width\u001b[39m=\u001b[32m\"1.5\"\u001b[39m\n                    \u001b[36m/>\u001b[39m\n                  \u001b[36m</svg>\u001b[39m\n                \u001b[36m</div>\u001b[39m\n              \u001b[36m</div>\u001b[39m\n            \u001b[36m</div>\u001b[39m\n            \u001b[36m<div\u001b[39m\n              \u001b[33mclass\u001b[39m=\u001b[32m\"flex flex-col w-full\"\u001b[39m\n            \u001b[36m>\u001b[39m\n              \u001b[36m<div\u001b[39m\n                \u001b[33mclass\u001b[39m=\u001b[32m\"group relative border rounded-lg px-2 py-1 bg-white focus-within:ring-1 group border-red-500 focus-within:border-red-500 focus-within:ring-red-500\"\u001b[39m\n              \u001b[36m>\u001b[39m\n                \u001b[36m<label\u001b[39m\n                  \u001b[33mclass\u001b[39m=\u001b[32m\"block text-xs text-gray-400 group-focus-within:text-red-500\"\u001b[39m\n                  \u001b[33mfor\u001b[39m=\u001b[32m\"petDate\"\u001b[39m\n                \u001b[36m>\u001b[39m\n                  \u001b[0mFecha de extravío\u001b[0m\n                \u001b[36m</label>\u001b[39m\n                \u001b[36m<input\u001b[39m\n                  \u001b[33mclass\u001b[39m=\u001b[32m\"w-full text-sm text-gray-700 bg-transparent outline-none relative z-10\n                     [&::-webkit-calendar-picker-indicator]:opacity-0 \n                     [&::-webkit-calendar-picker-indicator]:absolute \n                     [&::-webkit-calendar-picker-indicator]:right-0 \n                     [&::-webkit-calendar-picker-indicator]:w-full \n                     [&::-webkit-calendar-picker-indicator]:h-full \n                     [&::-webkit-calendar-picker-indicator]:cursor-pointer\"\u001b[39m\n                  \u001b[33mid\u001b[39m=\u001b[32m\"petDate\"\u001b[39m\n                  \u001b[33mmax\u001b[39m=\u001b[32m\"2026-04-25\"\u001b[39m\n                  \u001b[33mtype\u001b[39m=\u001b[32m\"date\"\u001b[39m\n                  \u001b[33mvalue\u001b[39m=\u001b[32m\"2027-04-25\"\u001b[39m\n                \u001b[36m/>\u001b[39m\n                \u001b[36m<div\u001b[39m\n                  \u001b[33mclass\u001b[39m=\u001b[32m\"absolute right-3 top-1/2 translate-y-[-10%] pointer-events-none text-black z-0\"\u001b[39m\n                \u001b[36m>\u001b[39m\n                  \u001b[36m<svg\u001b[39m\n                    \u001b[33mfill\u001b[39m=\u001b[32m\"none\"\u001b[39m\n                    \u001b[33mheight\u001b[39m=\u001b[32m\"20\"\u001b[39m\n                    \u001b[33mstroke\u001b[39m=\u001b[32m\"currentColor\"\u001b[39m\n                    \u001b[33mstroke-linecap\u001b[39m=\u001b[32m\"round\"\u001b[39m\n                    \u001b[...\n    at Object.getElementError (C:\\Tec de Monterrey\\6to Semestre\\SOS-FullStack\\frontend\\node_modules\\@testing-library\\dom\\dist\\config.js:37:19)\n    at C:\\Tec de Monterrey\\6to Semestre\\SOS-FullStack\\frontend\\node_modules\\@testing-library\\dom\\dist\\query-helpers.js:76:38\n    at C:\\Tec de Monterrey\\6to Semestre\\SOS-FullStack\\frontend\\node_modules\\@testing-library\\dom\\dist\\query-helpers.js:52:17\n    at C:\\Tec de Monterrey\\6to Semestre\\SOS-FullStack\\frontend\\node_modules\\@testing-library\\dom\\dist\\query-helpers.js:95:19\n    at C:/Tec de Monterrey/6to Semestre/SOS-FullStack/frontend/src/test/clients/PetReportForm.test.tsx:167:19\n    at file:///C:/Tec%20de%20Monterrey/6to%20Semestre/SOS-FullStack/frontend/node_modules/@vitest/runner/dist/chunk-artifact.js:1903:20"],"meta":{},"tags":[]},{"ancestorTitles":["PetReportForm Component"],"fullName":"PetReportForm Component accepts today as a valid date","status":"passed","title":"accepts today as a valid date","duration":296.52309999999943,"failureMessages":[],"meta":{},"tags":[]},{"ancestorTitles":["PetReportForm Component"],"fullName":"PetReportForm Component clears the name error when the name field is updated","status":"failed","title":"clears the name error when the name field is updated","duration":466.3705999999993,"failureMessages":["TestingLibraryElementError: Unable to find an element with the text: ¡Nos falta el nombre de tu mascota!. This could be because the text is broken up by multiple elements. In this case, you can provide a function for your text matcher to make your matcher more flexible.\n\nIgnored nodes: comments, script, style\n\u001b[36m<body>\u001b[39m\n  \u001b[36m<div>\u001b[39m\n    \u001b[36m<div\u001b[39m\n      \u001b[33mclass\u001b[39m=\u001b[32m\"min-h-screen pt-8 bg-white\"\u001b[39m\n      \u001b[33mid\u001b[39m=\u001b[32m\"report-section\"\u001b[39m\n    \u001b[36m>\u001b[39m\n      \u001b[36m<div\u001b[39m\n        \u001b[33mclass\u001b[39m=\u001b[32m\"w-full max-w-lg mx-auto flex flex-col gap-8\"\u001b[39m\n      \u001b[36m>\u001b[39m\n        \u001b[36m<div\u001b[39m\n          \u001b[33mid\u001b[39m=\u001b[32m\"user-info-section\"\u001b[39m\n        \u001b[36m>\u001b[39m\n          \u001b[36m<h2\u001b[39m\n            \u001b[33mclass\u001b[39m=\u001b[32m\"text-xl lg:text-2xl leading-snug font-medium text-gray-900 text-center mb-6 mt-2\"\u001b[39m\n          \u001b[36m>\u001b[39m\n            \u001b[0mInformación de la mascota\u001b[0m\n          \u001b[36m</h2>\u001b[39m\n          \u001b[36m<section\u001b[39m\n            \u001b[33mclass\u001b[39m=\u001b[32m\"w-5/6 md:w-4/5 lg:w-full lg:max-w-4xl xl:max-w-5xl mx-auto flex flex-col gap-5 py-4\"\u001b[39m\n          \u001b[36m>\u001b[39m\n            \u001b[36m<div\u001b[39m\n              \u001b[33mclass\u001b[39m=\u001b[32m\"flex flex-col w-full\"\u001b[39m\n            \u001b[36m>\u001b[39m\n              \u001b[36m<div\u001b[39m\n                \u001b[33mclass\u001b[39m=\u001b[32m\"relative border rounded-lg px-2 py-1 bg-white focus-within:ring-1 group border-red-500 focus-within:border-red-500 focus-within:ring-red-500\"\u001b[39m\n              \u001b[36m>\u001b[39m\n                \u001b[36m<label\u001b[39m\n                  \u001b[33mclass\u001b[39m=\u001b[32m\"block text-xs text-gray-400 group-focus-within:text-red-500\"\u001b[39m\n                  \u001b[33mfor\u001b[39m=\u001b[32m\"petName\"\u001b[39m\n                \u001b[36m>\u001b[39m\n                  \u001b[0mNombre de la mascota\u001b[0m\n                  \u001b[0m \u001b[0m\n                \u001b[36m</label>\u001b[39m\n                \u001b[36m<input\u001b[39m\n                  \u001b[33mclass\u001b[39m=\u001b[32m\"w-full text-sm text-gray-700 bg-transparent outline-none\"\u001b[39m\n                  \u001b[33mid\u001b[39m=\u001b[32m\"petName\"\u001b[39m\n                  \u001b[33mmaxlength\u001b[39m=\u001b[32m\"50\"\u001b[39m\n                  \u001b[33mvalue\u001b[39m=\u001b[32m\"\"\u001b[39m\n                \u001b[36m/>\u001b[39m\n              \u001b[36m</div>\u001b[39m\n              \u001b[36m<div\u001b[39m\n                \u001b[33mclass\u001b[39m=\u001b[32m\"flex justify-between\"\u001b[39m\n              \u001b[36m>\u001b[39m\n                \u001b[36m<small\u001b[39m\n                  \u001b[33mclass\u001b[39m=\u001b[32m\"text-xs leading-normal font-normal text-gray-900 color-danger ml-1 italic mt-1\"\u001b[39m\n                \u001b[36m>\u001b[39m\n                  \u001b[0mIngresa el nombre de tu mascota\u001b[0m\n                \u001b[36m</small>\u001b[39m\n              \u001b[36m</div>\u001b[39m\n            \u001b[36m</div>\u001b[39m\n            \u001b[36m<div\u001b[39m\n              \u001b[33mclass\u001b[39m=\u001b[32m\"flex flex-col w-full\"\u001b[39m\n            \u001b[36m>\u001b[39m\n              \u001b[36m<div\u001b[39m\n                \u001b[33mclass\u001b[39m=\u001b[32m\"group relative border border-gray-400 rounded-lg px-2 py-1 bg-white focus-within:ring-1 group border-red-500 focus-within:border-red-500 focus-within:ring-red-500\"\u001b[39m\n              \u001b[36m>\u001b[39m\n                \u001b[36m<label\u001b[39m\n                  \u001b[33mclass\u001b[39m=\u001b[32m\"block text-xs text-gray-400 group-focus-within:text-red-500\"\u001b[39m\n                  \u001b[33mfor\u001b[39m=\u001b[32m\"petSpecies\"\u001b[39m\n                \u001b[36m>\u001b[39m\n                  \u001b[0mEspecie de la mascota\u001b[0m\n                \u001b[36m</label>\u001b[39m\n                \u001b[36m<select\u001b[39m\n                  \u001b[33mclass\u001b[39m=\u001b[32m\"w-full text-sm text-gray-700 bg-transparent outline-none appearance-none cursor-pointer\"\u001b[39m\n                  \u001b[33mid\u001b[39m=\u001b[32m\"petSpecies\"\u001b[39m\n                \u001b[36m>\u001b[39m\n                  \u001b[36m<option\u001b[39m\n                    \u001b[33mdisabled\u001b[39m=\u001b[32m\"\"\u001b[39m\n                    \u001b[33mvalue\u001b[39m=\u001b[32m\"\"\u001b[39m\n                  \u001b[36m>\u001b[39m\n                    \u001b[0mSeleccionar una opción\u001b[0m\n                  \u001b[36m</option>\u001b[39m\n                  \u001b[36m<option\u001b[39m\n                    \u001b[33mvalue\u001b[39m=\u001b[32m\"Perro\"\u001b[39m\n                  \u001b[36m>\u001b[39m\n                    \u001b[0mPerro\u001b[0m\n                  \u001b[36m</option>\u001b[39m\n                  \u001b[36m<option\u001b[39m\n                    \u001b[33mvalue\u001b[39m=\u001b[32m\"Gato\"\u001b[39m\n                  \u001b[36m>\u001b[39m\n                    \u001b[0mGato\u001b[0m\n                  \u001b[36m</option>\u001b[39m\n                  \u001b[36m<option\u001b[39m\n                    \u001b[33mvalue\u001b[39m=\u001b[32m\"Ave\"\u001b[39m\n                  \u001b[36m>\u001b[39m\n                    \u001b[0mAve\u001b[0m\n                  \u001b[36m</option>\u001b[39m\n                  \u001b[36m<option\u001b[39m\n                    \u001b[33mvalue\u001b[39m=\u001b[32m\"Otro\"\u001b[39m\n                  \u001b[36m>\u001b[39m\n                    \u001b[0mOtro\u001b[0m\n                  \u001b[36m</option>\u001b[39m\n                \u001b[36m</select>\u001b[39m\n                \u001b[36m<div\u001b[39m\n                  \u001b[33mclass\u001b[39m=\u001b[32m\"absolute right-3 top-1/2 translate-y-[-10%] pointer-events-none text-black\"\u001b[39m\n                \u001b[36m>\u001b[39m\n                  \u001b[36m<svg\u001b[39m\n                    \u001b[33mfill\u001b[39m=\u001b[32m\"none\"\u001b[39m\n                    \u001b[33mheight\u001b[39m=\u001b[32m\"8\"\u001b[39m\n                    \u001b[33mviewBox\u001b[39m=\u001b[32m\"0 0 14 8\"\u001b[39m\n                    \u001b[33mwidth\u001b[39m=\u001b[32m\"14\"\u001b[39m\n                    \u001b[33mxmlns\u001b[39m=\u001b[32m\"http://www.w3.org/2000/svg\"\u001b[39m\n                  \u001b[36m>\u001b[39m\n                    \u001b[36m<path\u001b[39m\n                      \u001b[33md\u001b[39m=\u001b[32m\"M1 1L7 7L13 1\"\u001b[39m\n                      \u001b[33mstroke\u001b[39m=\u001b[32m\"currentColor\"\u001b[39m\n                      \u001b[33mstroke-linecap\u001b[39m=\u001b[32m\"round\"\u001b[39m\n                      \u001b[33mstroke-linejoin\u001b[39m=\u001b[32m\"round\"\u001b[39m\n                      \u001b[33mstroke-width\u001b[39m=\u001b[32m\"1.5\"\u001b[39m\n                    \u001b[36m/>\u001b[39m\n                  \u001b[36m</svg>\u001b[39m\n                \u001b[36m</div>\u001b[39m\n              \u001b[36m</div>\u001b[39m\n              \u001b[36m<small\u001b[39m\n                \u001b[33mclass\u001b[39m=\u001b[32m\"text-xs leading-normal font-normal text-gray-900 color-danger ml-1 italic\"\u001b[39m\n              \u001b[36m>\u001b[39m\n                \u001b[0mSelecciona una especie\u001b[0m\n              \u001b[36m</small>\u001b[39m\n            \u001b[36m</div>\u001b[39m\n            \u001b[36m<div\u001b[39m\n              \u001b[33mclass\u001b[39m=\u001b[32m\"flex flex-col w-full\"\u001b[39m\n            \u001b[36m>\u001b[39m\n              \u001b[36m<div\u001b[39m\n                \u001b[33mclass\u001b[39m=\u001b[32m\"group relative border rounded-lg px-2 py-1 bg-white focus-within:ring-1 group border-red-500 focus-within:border-red-500 focus-within:ring-red-500\"\u001b[39m\n              \u001b[36m>\u001b[39m\n                \u001b[36m<label\u001b[39m\n                  \u001b[33mclass\u001b[39m=\u001b[32m\"block text-xs text-gray-400 group-focus-within:text-red-500\"\u001b[39m\n                  \u001b[33mfor\u001b[39m=\u001b[32m\"petDate\"\u001b[39m\n                \u001b[36m>\u001b[39m\n                  \u001b[0mFecha de extravío\u001b[0m\n                \u001b[36m</label>\u001b[39m\n                \u001b[36m<input\u001b[39m\n                  \u001b[33mclass\u001b[39m=\u001b[32m\"w-full text-sm text-gray-700 bg-transparent outline-none relative z-10\n                     [&::-webkit-calendar-picker-indicator]:opacity-0 \n                     [&::-webkit-calendar-picker-indicator]:absolute \n                     [&::-webkit-calendar-picker-indicator]:right-0 \n                     [&::-webkit-calendar-picker-indicator]:w-full \n                     [&::-webkit-calendar-picker-indicator]:h-full \n                     [&::-webkit-calendar-picker-indicator]:cursor-pointer\"\u001b[39m\n                  \u001b[33mid\u001b[39m=\u001b[32m\"petDate\"\u001b[39m\n                  \u001b[33mmax\u001b[39m=\u001b[32m\"2026-04-25\"\u001b[39m\n                  \u001b[33mtype\u001b[39m=\u001b[32m\"date\"\u001b[39m\n                  \u001b[33mvalue\u001b[39m=\u001b[32...\n    at Object.getElementError (C:\\Tec de Monterrey\\6to Semestre\\SOS-FullStack\\frontend\\node_modules\\@testing-library\\dom\\dist\\config.js:37:19)\n    at C:\\Tec de Monterrey\\6to Semestre\\SOS-FullStack\\frontend\\node_modules\\@testing-library\\dom\\dist\\query-helpers.js:76:38\n    at C:\\Tec de Monterrey\\6to Semestre\\SOS-FullStack\\frontend\\node_modules\\@testing-library\\dom\\dist\\query-helpers.js:52:17\n    at C:\\Tec de Monterrey\\6to Semestre\\SOS-FullStack\\frontend\\node_modules\\@testing-library\\dom\\dist\\query-helpers.js:95:19\n    at C:/Tec de Monterrey/6to Semestre/SOS-FullStack/frontend/src/test/clients/PetReportForm.test.tsx:192:14\n    at file:///C:/Tec%20de%20Monterrey/6to%20Semestre/SOS-FullStack/frontend/node_modules/@vitest/runner/dist/chunk-artifact.js:1903:20"],"meta":{},"tags":[]},{"ancestorTitles":["PetReportForm Component"],"fullName":"PetReportForm Component clears the breed error when the breed field is updated","status":"failed","title":"clears the breed error when the breed field is updated","duration":320.8830999999991,"failureMessages":["TestingLibraryElementError: Unable to find an element with the text: ¡Nos falta conocer su raza o tipo!. This could be because the text is broken up by multiple elements. In this case, you can provide a function for your text matcher to make your matcher more flexible.\n\nIgnored nodes: comments, script, style\n\u001b[36m<body>\u001b[39m\n  \u001b[36m<div>\u001b[39m\n    \u001b[36m<div\u001b[39m\n      \u001b[33mclass\u001b[39m=\u001b[32m\"min-h-screen pt-8 bg-white\"\u001b[39m\n      \u001b[33mid\u001b[39m=\u001b[32m\"report-section\"\u001b[39m\n    \u001b[36m>\u001b[39m\n      \u001b[36m<div\u001b[39m\n        \u001b[33mclass\u001b[39m=\u001b[32m\"w-full max-w-lg mx-auto flex flex-col gap-8\"\u001b[39m\n      \u001b[36m>\u001b[39m\n        \u001b[36m<div\u001b[39m\n          \u001b[33mid\u001b[39m=\u001b[32m\"user-info-section\"\u001b[39m\n        \u001b[36m>\u001b[39m\n          \u001b[36m<h2\u001b[39m\n            \u001b[33mclass\u001b[39m=\u001b[32m\"text-xl lg:text-2xl leading-snug font-medium text-gray-900 text-center mb-6 mt-2\"\u001b[39m\n          \u001b[36m>\u001b[39m\n            \u001b[0mInformación de la mascota\u001b[0m\n          \u001b[36m</h2>\u001b[39m\n          \u001b[36m<section\u001b[39m\n            \u001b[33mclass\u001b[39m=\u001b[32m\"w-5/6 md:w-4/5 lg:w-full lg:max-w-4xl xl:max-w-5xl mx-auto flex flex-col gap-5 py-4\"\u001b[39m\n          \u001b[36m>\u001b[39m\n            \u001b[36m<div\u001b[39m\n              \u001b[33mclass\u001b[39m=\u001b[32m\"flex flex-col w-full\"\u001b[39m\n            \u001b[36m>\u001b[39m\n              \u001b[36m<div\u001b[39m\n                \u001b[33mclass\u001b[39m=\u001b[32m\"relative border rounded-lg px-2 py-1 bg-white focus-within:ring-1 group border-red-500 focus-within:border-red-500 focus-within:ring-red-500\"\u001b[39m\n              \u001b[36m>\u001b[39m\n                \u001b[36m<label\u001b[39m\n                  \u001b[33mclass\u001b[39m=\u001b[32m\"block text-xs text-gray-400 group-focus-within:text-red-500\"\u001b[39m\n                  \u001b[33mfor\u001b[39m=\u001b[32m\"petName\"\u001b[39m\n                \u001b[36m>\u001b[39m\n                  \u001b[0mNombre de la mascota\u001b[0m\n                  \u001b[0m \u001b[0m\n                \u001b[36m</label>\u001b[39m\n                \u001b[36m<input\u001b[39m\n                  \u001b[33mclass\u001b[39m=\u001b[32m\"w-full text-sm text-gray-700 bg-transparent outline-none\"\u001b[39m\n                  \u001b[33mid\u001b[39m=\u001b[32m\"petName\"\u001b[39m\n                  \u001b[33mmaxlength\u001b[39m=\u001b[32m\"50\"\u001b[39m\n                  \u001b[33mvalue\u001b[39m=\u001b[32m\"\"\u001b[39m\n                \u001b[36m/>\u001b[39m\n              \u001b[36m</div>\u001b[39m\n              \u001b[36m<div\u001b[39m\n                \u001b[33mclass\u001b[39m=\u001b[32m\"flex justify-between\"\u001b[39m\n              \u001b[36m>\u001b[39m\n                \u001b[36m<small\u001b[39m\n                  \u001b[33mclass\u001b[39m=\u001b[32m\"text-xs leading-normal font-normal text-gray-900 color-danger ml-1 italic mt-1\"\u001b[39m\n                \u001b[36m>\u001b[39m\n                  \u001b[0mIngresa el nombre de tu mascota\u001b[0m\n                \u001b[36m</small>\u001b[39m\n              \u001b[36m</div>\u001b[39m\n            \u001b[36m</div>\u001b[39m\n            \u001b[36m<div\u001b[39m\n              \u001b[33mclass\u001b[39m=\u001b[32m\"flex flex-col w-full\"\u001b[39m\n            \u001b[36m>\u001b[39m\n              \u001b[36m<div\u001b[39m\n                \u001b[33mclass\u001b[39m=\u001b[32m\"group relative border border-gray-400 rounded-lg px-2 py-1 bg-white focus-within:ring-1 group border-red-500 focus-within:border-red-500 focus-within:ring-red-500\"\u001b[39m\n              \u001b[36m>\u001b[39m\n                \u001b[36m<label\u001b[39m\n                  \u001b[33mclass\u001b[39m=\u001b[32m\"block text-xs text-gray-400 group-focus-within:text-red-500\"\u001b[39m\n                  \u001b[33mfor\u001b[39m=\u001b[32m\"petSpecies\"\u001b[39m\n                \u001b[36m>\u001b[39m\n                  \u001b[0mEspecie de la mascota\u001b[0m\n                \u001b[36m</label>\u001b[39m\n                \u001b[36m<select\u001b[39m\n                  \u001b[33mclass\u001b[39m=\u001b[32m\"w-full text-sm text-gray-700 bg-transparent outline-none appearance-none cursor-pointer\"\u001b[39m\n                  \u001b[33mid\u001b[39m=\u001b[32m\"petSpecies\"\u001b[39m\n                \u001b[36m>\u001b[39m\n                  \u001b[36m<option\u001b[39m\n                    \u001b[33mdisabled\u001b[39m=\u001b[32m\"\"\u001b[39m\n                    \u001b[33mvalue\u001b[39m=\u001b[32m\"\"\u001b[39m\n                  \u001b[36m>\u001b[39m\n                    \u001b[0mSeleccionar una opción\u001b[0m\n                  \u001b[36m</option>\u001b[39m\n                  \u001b[36m<option\u001b[39m\n                    \u001b[33mvalue\u001b[39m=\u001b[32m\"Perro\"\u001b[39m\n                  \u001b[36m>\u001b[39m\n                    \u001b[0mPerro\u001b[0m\n                  \u001b[36m</option>\u001b[39m\n                  \u001b[36m<option\u001b[39m\n                    \u001b[33mvalue\u001b[39m=\u001b[32m\"Gato\"\u001b[39m\n                  \u001b[36m>\u001b[39m\n                    \u001b[0mGato\u001b[0m\n                  \u001b[36m</option>\u001b[39m\n                  \u001b[36m<option\u001b[39m\n                    \u001b[33mvalue\u001b[39m=\u001b[32m\"Ave\"\u001b[39m\n                  \u001b[36m>\u001b[39m\n                    \u001b[0mAve\u001b[0m\n                  \u001b[36m</option>\u001b[39m\n                  \u001b[36m<option\u001b[39m\n                    \u001b[33mvalue\u001b[39m=\u001b[32m\"Otro\"\u001b[39m\n                  \u001b[36m>\u001b[39m\n                    \u001b[0mOtro\u001b[0m\n                  \u001b[36m</option>\u001b[39m\n                \u001b[36m</select>\u001b[39m\n                \u001b[36m<div\u001b[39m\n                  \u001b[33mclass\u001b[39m=\u001b[32m\"absolute right-3 top-1/2 translate-y-[-10%] pointer-events-none text-black\"\u001b[39m\n                \u001b[36m>\u001b[39m\n                  \u001b[36m<svg\u001b[39m\n                    \u001b[33mfill\u001b[39m=\u001b[32m\"none\"\u001b[39m\n                    \u001b[33mheight\u001b[39m=\u001b[32m\"8\"\u001b[39m\n                    \u001b[33mviewBox\u001b[39m=\u001b[32m\"0 0 14 8\"\u001b[39m\n                    \u001b[33mwidth\u001b[39m=\u001b[32m\"14\"\u001b[39m\n                    \u001b[33mxmlns\u001b[39m=\u001b[32m\"http://www.w3.org/2000/svg\"\u001b[39m\n                  \u001b[36m>\u001b[39m\n                    \u001b[36m<path\u001b[39m\n                      \u001b[33md\u001b[39m=\u001b[32m\"M1 1L7 7L13 1\"\u001b[39m\n                      \u001b[33mstroke\u001b[39m=\u001b[32m\"currentColor\"\u001b[39m\n                      \u001b[33mstroke-linecap\u001b[39m=\u001b[32m\"round\"\u001b[39m\n                      \u001b[33mstroke-linejoin\u001b[39m=\u001b[32m\"round\"\u001b[39m\n                      \u001b[33mstroke-width\u001b[39m=\u001b[32m\"1.5\"\u001b[39m\n                    \u001b[36m/>\u001b[39m\n                  \u001b[36m</svg>\u001b[39m\n                \u001b[36m</div>\u001b[39m\n              \u001b[36m</div>\u001b[39m\n              \u001b[36m<small\u001b[39m\n                \u001b[33mclass\u001b[39m=\u001b[32m\"text-xs leading-normal font-normal text-gray-900 color-danger ml-1 italic\"\u001b[39m\n              \u001b[36m>\u001b[39m\n                \u001b[0mSelecciona una especie\u001b[0m\n              \u001b[36m</small>\u001b[39m\n            \u001b[36m</div>\u001b[39m\n            \u001b[36m<div\u001b[39m\n              \u001b[33mclass\u001b[39m=\u001b[32m\"flex flex-col w-full\"\u001b[39m\n            \u001b[36m>\u001b[39m\n              \u001b[36m<div\u001b[39m\n                \u001b[33mclass\u001b[39m=\u001b[32m\"group relative border rounded-lg px-2 py-1 bg-white focus-within:ring-1 group border-red-500 focus-within:border-red-500 focus-within:ring-red-500\"\u001b[39m\n              \u001b[36m>\u001b[39m\n                \u001b[36m<label\u001b[39m\n                  \u001b[33mclass\u001b[39m=\u001b[32m\"block text-xs text-gray-400 group-focus-within:text-red-500\"\u001b[39m\n                  \u001b[33mfor\u001b[39m=\u001b[32m\"petDate\"\u001b[39m\n                \u001b[36m>\u001b[39m\n                  \u001b[0mFecha de extravío\u001b[0m\n                \u001b[36m</label>\u001b[39m\n                \u001b[36m<input\u001b[39m\n                  \u001b[33mclass\u001b[39m=\u001b[32m\"w-full text-sm text-gray-700 bg-transparent outline-none relative z-10\n                     [&::-webkit-calendar-picker-indicator]:opacity-0 \n                     [&::-webkit-calendar-picker-indicator]:absolute \n                     [&::-webkit-calendar-picker-indicator]:right-0 \n                     [&::-webkit-calendar-picker-indicator]:w-full \n                     [&::-webkit-calendar-picker-indicator]:h-full \n                     [&::-webkit-calendar-picker-indicator]:cursor-pointer\"\u001b[39m\n                  \u001b[33mid\u001b[39m=\u001b[32m\"petDate\"\u001b[39m\n                  \u001b[33mmax\u001b[39m=\u001b[32m\"2026-04-25\"\u001b[39m\n                  \u001b[33mtype\u001b[39m=\u001b[32m\"date\"\u001b[39m\n                  \u001b[33mvalue\u001b[39m=\u001b[32...\n    at Object.getElementError (C:\\Tec de Monterrey\\6to Semestre\\SOS-FullStack\\frontend\\node_modules\\@testing-library\\dom\\dist\\config.js:37:19)\n    at C:\\Tec de Monterrey\\6to Semestre\\SOS-FullStack\\frontend\\node_modules\\@testing-library\\dom\\dist\\query-helpers.js:76:38\n    at C:\\Tec de Monterrey\\6to Semestre\\SOS-FullStack\\frontend\\node_modules\\@testing-library\\dom\\dist\\query-helpers.js:52:17\n    at C:\\Tec de Monterrey\\6to Semestre\\SOS-FullStack\\frontend\\node_modules\\@testing-library\\dom\\dist\\query-helpers.js:95:19\n    at C:/Tec de Monterrey/6to Semestre/SOS-FullStack/frontend/src/test/clients/PetReportForm.test.tsx:209:14\n    at file:///C:/Tec%20de%20Monterrey/6to%20Semestre/SOS-FullStack/frontend/node_modules/@vitest/runner/dist/chunk-artifact.js:1903:20"],"meta":{},"tags":[]},{"ancestorTitles":["PetReportForm Component"],"fullName":"PetReportForm Component navigates to /report-confirmation when all fields are valid","status":"passed","title":"navigates to /report-confirmation when all fields are valid","duration":327.3765999999996,"failureMessages":[],"meta":{},"tags":[]},{"ancestorTitles":["PetReportForm Component"],"fullName":"PetReportForm Component calls setReportData with the complete form data on success","status":"passed","title":"calls setReportData with the complete form data on success","duration":520.9778999999999,"failureMessages":[],"meta":{},"tags":[]}],"startTime":1777139404784,"endTime":1777139409922.9778,"status":"failed","message":"","name":"C:/Tec de Monterrey/6to Semestre/SOS-FullStack/frontend/src/test/clients/PetReportForm.test.tsx"},{"assertionResults":[{"ancestorTitles":["ReportConfirmationPage"],"fullName":"ReportConfirmationPage redirects to \"/\" when reportData is null (direct URL access)","status":"passed","title":"redirects to \"/\" when reportData is null (direct URL access)","duration":26.005599999999504,"failureMessages":[],"meta":{},"tags":[]},{"ancestorTitles":["ReportConfirmationPage"],"fullName":"ReportConfirmationPage renders nothing (null) when reportData is null before redirect","status":"passed","title":"renders nothing (null) when reportData is null before redirect","duration":4.057300000000396,"failureMessages":[],"meta":{},"tags":[]},{"ancestorTitles":["ReportConfirmationPage"],"fullName":"ReportConfirmationPage renders the page title when reportData is available","status":"passed","title":"renders the page title when reportData is available","duration":74.97640000000047,"failureMessages":[],"meta":{},"tags":[]},{"ancestorTitles":["ReportConfirmationPage"],"fullName":"ReportConfirmationPage renders DataConfirmation component with the report data","status":"passed","title":"renders DataConfirmation component with the report data","duration":23.604700000000776,"failureMessages":[],"meta":{},"tags":[]},{"ancestorTitles":["ReportConfirmationPage"],"fullName":"ReportConfirmationPage renders the \"Proceder al pago\" button","status":"passed","title":"renders the \"Proceder al pago\" button","duration":19.6229000000003,"failureMessages":[],"meta":{},"tags":[]},{"ancestorTitles":["ReportConfirmationPage"],"fullName":"ReportConfirmationPage does not redirect when reportData is available","status":"passed","title":"does not redirect when reportData is available","duration":13.92700000000059,"failureMessages":[],"meta":{},"tags":[]},{"ancestorTitles":["ReportConfirmationPage"],"fullName":"ReportConfirmationPage navigates to /plans when \"Proceder al pago\" is clicked","status":"passed","title":"navigates to /plans when \"Proceder al pago\" is clicked","duration":204.65720000000056,"failureMessages":[],"meta":{},"tags":[]},{"ancestorTitles":["ReportConfirmationPage"],"fullName":"ReportConfirmationPage calls setReportData with merged data when handleUpdateForm is triggered","status":"passed","title":"calls setReportData with merged data when handleUpdateForm is triggered","duration":18.460900000000038,"failureMessages":[],"meta":{},"tags":[]}],"startTime":1777139405270,"endTime":1777139405655.461,"status":"passed","message":"","name":"C:/Tec de Monterrey/6to Semestre/SOS-FullStack/frontend/src/test/clients/ReportConfirmation.test.tsx"},{"assertionResults":[{"ancestorTitles":["usePetPhotos hook"],"fullName":"usePetPhotos hook default photoCount is 3 when imageLayout is not provided","status":"passed","title":"default photoCount is 3 when imageLayout is not provided","duration":44.50350000000026,"failureMessages":[],"meta":{},"tags":[]},{"ancestorTitles":["usePetPhotos hook"],"fullName":"usePetPhotos hook photoCount matches the imageLayout value","status":"passed","title":"photoCount matches the imageLayout value","duration":5.530999999999949,"failureMessages":[],"meta":{},"tags":[]},{"ancestorTitles":["usePetPhotos hook"],"fullName":"usePetPhotos hook fileUploadSlots has the correct number of slots","status":"passed","title":"fileUploadSlots has the correct number of slots","duration":9.154299999999694,"failureMessages":[],"meta":{},"tags":[]},{"ancestorTitles":["usePetPhotos hook"],"fullName":"usePetPhotos hook fileUploadSlots contains sequential numbers starting at 1","status":"passed","title":"fileUploadSlots contains sequential numbers starting at 1","duration":7.612799999999879,"failureMessages":[],"meta":{},"tags":[]},{"ancestorTitles":["usePetPhotos hook"],"fullName":"usePetPhotos hook handleFileUpload adds a file at the correct index (slot 1 → index 0)","status":"passed","title":"handleFileUpload adds a file at the correct index (slot 1 → index 0)","duration":15.770300000000134,"failureMessages":[],"meta":{},"tags":[]},{"ancestorTitles":["usePetPhotos hook"],"fullName":"usePetPhotos hook handleFileUpload places a file at slot 2 (index 1)","status":"passed","title":"handleFileUpload places a file at slot 2 (index 1)","duration":7.074700000000121,"failureMessages":[],"meta":{},"tags":[]},{"ancestorTitles":["usePetPhotos hook"],"fullName":"usePetPhotos hook handleFileUpload replaces a file at an existing slot","status":"passed","title":"handleFileUpload replaces a file at an existing slot","duration":6.28879999999981,"failureMessages":[],"meta":{},"tags":[]},{"ancestorTitles":["usePetPhotos hook"],"fullName":"usePetPhotos hook handleFileUpload removes a file when null is passed","status":"passed","title":"handleFileUpload removes a file when null is passed","duration":5.822100000000319,"failureMessages":[],"meta":{},"tags":[]},{"ancestorTitles":["usePetPhotos hook"],"fullName":"usePetPhotos hook handleFileUpload removes the correct file when null is passed for slot 2","status":"passed","title":"handleFileUpload removes the correct file when null is passed for slot 2","duration":6.384799999999814,"failureMessages":[],"meta":{},"tags":[]},{"ancestorTitles":["usePetPhotos hook"],"fullName":"usePetPhotos hook trims images to photoCount when uploading would exceed the limit","status":"passed","title":"trims images to photoCount when uploading would exceed the limit","duration":4.13110000000006,"failureMessages":[],"meta":{},"tags":[]},{"ancestorTitles":["usePetPhotos hook"],"fullName":"usePetPhotos hook trims existing images when photoCount decreases via imageLayout change","status":"passed","title":"trims existing images when photoCount decreases via imageLayout change","duration":5.199799999999868,"failureMessages":[],"meta":{},"tags":[]},{"ancestorTitles":["usePetPhotos hook"],"fullName":"usePetPhotos hook does not call updateForm when images do not exceed the new photoCount","status":"passed","title":"does not call updateForm when images do not exceed the new photoCount","duration":4.889900000000125,"failureMessages":[],"meta":{},"tags":[]}],"startTime":1777139403959,"endTime":1777139404081.89,"status":"passed","message":"","name":"C:/Tec de Monterrey/6to Semestre/SOS-FullStack/frontend/src/test/clients/usePetPhoto.test.ts"}]}